<?xml version="1.0" encoding="UTF-8"?>
<!-- Generated by org.testng.reporters.JUnitXMLReporter -->
<testsuite ignored="0" hostname="DUBN34630627A" failures="1" tests="1" name="jsErrorTest" time="10.904" errors="0" timestamp="13 Dec 2019 16:49:54 GMT">
  <testcase classname="com.james.training.selenium_project.uielementspagetests.JSErrorTests" name="jsErrorTest" time="1.517">
    <failure type="java.lang.AssertionError" message="The following asserts failed:
	Severe error: http://the-internet.herokuapp.com/favicon.ico - Failed to load resource: the server responded with a status of 404 (Not Found),
	Severe error: http://the-internet.herokuapp.com/javascript_error 6:51 Uncaught TypeError: Cannot read property &amp;apos;xyz&amp;apos; of undefined">
      <![CDATA[java.lang.AssertionError: The following asserts failed:Severe error: http://the-internet.herokuapp.com/favicon.ico - Failed to load resource: the server responded with a status of 404 (Not Found),Severe error: http://the-internet.herokuapp.com/javascript_error 6:51 Uncaught TypeError: Cannot read property 'xyz' of undefinedat com.james.training.selenium_project.uielementspagetests.JSErrorTests.jsErrorTest(JSErrorTests.java:36)... Removed 26 stack frames]]>
    </failure>
  </testcase> <!-- jsErrorTest -->
</testsuite> <!-- jsErrorTest -->
