<?xml version="1.0" encoding="UTF-8"?>
<!-- Generated by org.testng.reporters.JUnitXMLReporter -->
<testsuite ignored="0" hostname="DUBN34630627A" failures="2" tests="3" name="AlertsTests" time="36.215" errors="0" timestamp="13 Dec 2019 17:48:57 GMT">
  <testcase classname="com.james.training.selenium_project.uielementspagetests.AlertsSoftAssertsTests" name="jsAlertTest" time="4.0">
    <failure type="java.lang.AssertionError" message="The following asserts failed:
	Alert message is not expected. 
Should be &amp;apos;I am a JS Alert&amp;apos;, but it is &amp;apos;I am a JS Alert[Fail]&amp;apos; expected [true] but found [false],
	result is not expected. 
Should be &amp;apos;You successfuly clicked an alert&amp;apos;, but it is &amp;apos;You successfuly clicked an alert[Fail]&amp;apos; expected [true] but found [false]">
      <![CDATA[java.lang.AssertionError: The following asserts failed:Alert message is not expected. Should be 'I am a JS Alert', but it is 'I am a JS Alert[Fail]' expected [true] but found [false],result is not expected. Should be 'You successfuly clicked an alert', but it is 'You successfuly clicked an alert[Fail]' expected [true] but found [false]at com.james.training.selenium_project.uielementspagetests.AlertsSoftAssertsTests.jsAlertTest(AlertsSoftAssertsTests.java:51)... Removed 26 stack frames]]>
    </failure>
  </testcase> <!-- jsAlertTest -->
  <testcase classname="com.james.training.selenium_project.uielementspagetests.AlertsSoftAssertsTests" name="jsDismissTest" time="3.942">
    <failure type="java.lang.AssertionError" message="The following asserts failed:
	Alert message is not expected. 
Should be &amp;apos;I am a JS Confirm&amp;apos;, but it is &amp;apos;I am a JS Confirm[Fail]&amp;apos; expected [true] but found [false],
	result is not expected. 
Should be &amp;apos;You clicked: Cancel&amp;apos;, but it is &amp;apos;You clicked: Cancel[Fail]&amp;apos; expected [true] but found [false]">
      <![CDATA[java.lang.AssertionError: The following asserts failed:Alert message is not expected. Should be 'I am a JS Confirm', but it is 'I am a JS Confirm[Fail]' expected [true] but found [false],result is not expected. Should be 'You clicked: Cancel', but it is 'You clicked: Cancel[Fail]' expected [true] but found [false]at com.james.training.selenium_project.uielementspagetests.AlertsSoftAssertsTests.jsDismissTest(AlertsSoftAssertsTests.java:86)... Removed 26 stack frames]]>
    </failure>
  </testcase> <!-- jsDismissTest -->
  <testcase classname="com.james.training.selenium_project.uielementspagetests.AlertsSoftAssertsTests" name="jsPromptTest" time="5.054"/>
</testsuite> <!-- AlertsTests -->
