<?xml version="1.0" encoding="UTF-8"?>
<!-- Generated by org.testng.reporters.JUnitXMLReporter -->
<testsuite ignored="0" hostname="DUBN34630627A" failures="1" tests="2" name="login" time="33.51" errors="0" timestamp="24 Jan 2020 16:34:30 GMT">
  <testcase classname="com.james.training.ParallelTesting.ParallelTest" name="loginTestDBData" time="15.027">
    <failure type="org.openqa.selenium.ElementClickInterceptedException" message="element click intercepted: Element &amp;lt;li class=&amp;quot;user-signout&amp;quot;&amp;gt;...&amp;lt;/li&amp;gt; is not clickable at point (1182, 240). Other element would receive the click: &amp;lt;a href=&amp;quot;/current_user/contact&amp;quot;&amp;gt;...&amp;lt;/a&amp;gt;
  (Session info: chrome=79.0.3945.117)
Build info: version: &amp;apos;3.8.1&amp;apos;, revision: &amp;apos;6e95a6684b&amp;apos;, time: &amp;apos;2017-12-01T18:33:54.468Z&amp;apos;
System info: host: &amp;apos;DUBN34630627A&amp;apos;, ip: &amp;apos;10.181.67.79&amp;apos;, os.name: &amp;apos;Windows 10&amp;apos;, os.arch: &amp;apos;amd64&amp;apos;, os.version: &amp;apos;10.0&amp;apos;, java.version: &amp;apos;11.0.2&amp;apos;
Driver info: org.openqa.selenium.chrome.ChromeDriver
Capabilities {acceptInsecureCerts: false, browserName: chrome, browserVersion: 79.0.3945.117, chrome: {chromedriverVersion: 79.0.3945.16 (93fcc21110c10..., userDataDir: C:\Users\i350380\AppData\Lo...}, goog:chromeOptions: {debuggerAddress: localhost:51204}, javascriptEnabled: true, networkConnectionEnabled: false, pageLoadStrategy: normal, platform: WINDOWS, platformName: WINDOWS, proxy: Proxy(), setWindowRect: true, strictFileInteractability: false, timeouts: {implicit: 0, pageLoad: 300000, script: 30000}, unhandledPromptBehavior: dismiss and notify}
Session ID: b640812f7c31ff4f7c69bc621287ec87">
      <![CDATA[org.openqa.selenium.ElementClickInterceptedException: element click intercepted: Element <li class="user-signout">...</li> is not clickable at point (1182, 240). Other element would receive the click: <a href="/current_user/contact">...</a>  (Session info: chrome=79.0.3945.117)Build info: version: '3.8.1', revision: '6e95a6684b', time: '2017-12-01T18:33:54.468Z'System info: host: 'DUBN34630627A', ip: '10.181.67.79', os.name: 'Windows 10', os.arch: 'amd64', os.version: '10.0', java.version: '11.0.2'Driver info: org.openqa.selenium.chrome.ChromeDriverCapabilities {acceptInsecureCerts: false, browserName: chrome, browserVersion: 79.0.3945.117, chrome: {chromedriverVersion: 79.0.3945.16 (93fcc21110c10..., userDataDir: C:\Users\i350380\AppData\Lo...}, goog:chromeOptions: {debuggerAddress: localhost:51204}, javascriptEnabled: true, networkConnectionEnabled: false, pageLoadStrategy: normal, platform: WINDOWS, platformName: WINDOWS, proxy: Proxy(), setWindowRect: true, strictFileInteractability: false, timeouts: {implicit: 0, pageLoad: 300000, script: 30000}, unhandledPromptBehavior: dismiss and notify}Session ID: b640812f7c31ff4f7c69bc621287ec87at org.openqa.selenium.remote.http.W3CHttpResponseCodec.createException(W3CHttpResponseCodec.java:187)at org.openqa.selenium.remote.http.W3CHttpResponseCodec.decode(W3CHttpResponseCodec.java:122)at org.openqa.selenium.remote.http.W3CHttpResponseCodec.decode(W3CHttpResponseCodec.java:49)at org.openqa.selenium.remote.HttpCommandExecutor.execute(HttpCommandExecutor.java:164)at org.openqa.selenium.remote.service.DriverCommandExecutor.execute(DriverCommandExecutor.java:83)at org.openqa.selenium.remote.RemoteWebDriver.execute(RemoteWebDriver.java:601)at org.openqa.selenium.remote.RemoteWebElement.execute(RemoteWebElement.java:279)at org.openqa.selenium.remote.RemoteWebElement.click(RemoteWebElement.java:83)at com.james.training.ParallelTesting.pages.BasePage.click(BasePage.java:61)at com.james.training.ParallelTesting.pages.ClickAcadamyDashboard.clickLogout(ClickAcadamyDashboard.java:21)at com.james.training.ParallelTesting.ParallelTest.loginTestDBData(ParallelTest.java:58)at java.base/java.util.concurrent.FutureTask.run(FutureTask.java:264)at java.base/java.util.concurrent.Executors$RunnableAdapter.call(Executors.java:515)at java.base/java.util.concurrent.FutureTask.run(FutureTask.java:264)at java.base/java.util.concurrent.ThreadPoolExecutor.runWorker(ThreadPoolExecutor.java:1128)at java.base/java.util.concurrent.ThreadPoolExecutor$Worker.run(ThreadPoolExecutor.java:628)at java.base/java.lang.Thread.run(Thread.java:834)... Removed 13 stack frames]]>
    </failure>
  </testcase> <!-- loginTestDBData -->
  <testcase classname="com.james.training.ParallelTesting.ParallelTest" name="loginTestDBData" time="16.809"/>
</testsuite> <!-- login -->
