<?xml version="1.0" encoding="UTF-8"?>
<!-- Generated by org.testng.reporters.JUnitReportReporter -->
<testsuite hostname="DUBN34630627A" failures="0" tests="15" name="com.james.training.selenium_project.uielementspagetests.PositiveLoginTest" time="24.905" errors="10" timestamp="06 Jan 2020 15:33:19 GMT" skipped="5">
  <testcase classname="com.james.training.selenium_project.uielementspagetests.PositiveLoginTest" name="setUp" time="4.878">
    <error message="session not created: This version of ChromeDriver only supports Chrome version 80
Build info: version: &#039;3.8.1&#039;, revision: &#039;6e95a6684b&#039;, time: &#039;2017-12-01T18:33:54.468Z&#039;
System info: host: &#039;DUBN34630627A&#039;, ip: &#039;10.181.67.79&#039;, os.name: &#039;Windows 10&#039;, os.arch: &#039;amd64&#039;, os.version: &#039;10.0&#039;, java.version: &#039;11.0.2&#039;
Driver info: driver.version: ChromeDriver
remote stacktrace: Backtrace:
	Ordinal0 [0x012C0AE3+1706723]
	Ordinal0 [0x012268C1+1075393]
	Ordinal0 [0x0119DFA9+516009]
	Ordinal0 [0x01130554+66900]
	Ordinal0 [0x0112CCE2+52450]
	Ordinal0 [0x0114BFD7+180183]
	Ordinal0 [0x0114BDDD+179677]
	Ordinal0 [0x01149D4B+171339]
	Ordinal0 [0x01131D4A+73034]
	Ordinal0 [0x01132DC0+77248]
	Ordinal0 [0x01132D59+77145]
	Ordinal0 [0x0123BB37+1162039]
	GetHandleVerifier [0x0135A7C6+508998]
	GetHandleVerifier [0x0135A504+508292]
	GetHandleVerifier [0x0136F617+594583]
	GetHandleVerifier [0x0135B036+511158]
	Ordinal0 [0x01233FFC+1130492]
	Ordinal0 [0x0123D49B+1168539]
	Ordinal0 [0x0123D603+1168899]
	Ordinal0 [0x01255B05+1268485]
	BaseThreadInitThunk [0x752A0419+25]
	RtlGetAppContainerNamedObjectPath [0x779C662D+237]
	RtlGetAppContainerNamedObjectPath [0x779C65FD+189]
" type="org.openqa.selenium.SessionNotCreatedException">
      <![CDATA[org.openqa.selenium.SessionNotCreatedException: session not created: This version of ChromeDriver only supports Chrome version 80Build info: version: '3.8.1', revision: '6e95a6684b', time: '2017-12-01T18:33:54.468Z'System info: host: 'DUBN34630627A', ip: '10.181.67.79', os.name: 'Windows 10', os.arch: 'amd64', os.version: '10.0', java.version: '11.0.2'Driver info: driver.version: ChromeDriverremote stacktrace: Backtrace:Ordinal0 [0x012C0AE3+1706723]Ordinal0 [0x012268C1+1075393]Ordinal0 [0x0119DFA9+516009]Ordinal0 [0x01130554+66900]Ordinal0 [0x0112CCE2+52450]Ordinal0 [0x0114BFD7+180183]Ordinal0 [0x0114BDDD+179677]Ordinal0 [0x01149D4B+171339]Ordinal0 [0x01131D4A+73034]Ordinal0 [0x01132DC0+77248]Ordinal0 [0x01132D59+77145]Ordinal0 [0x0123BB37+1162039]GetHandleVerifier [0x0135A7C6+508998]GetHandleVerifier [0x0135A504+508292]GetHandleVerifier [0x0136F617+594583]GetHandleVerifier [0x0135B036+511158]Ordinal0 [0x01233FFC+1130492]Ordinal0 [0x0123D49B+1168539]Ordinal0 [0x0123D603+1168899]Ordinal0 [0x01255B05+1268485]BaseThreadInitThunk [0x752A0419+25]RtlGetAppContainerNamedObjectPath [0x779C662D+237]RtlGetAppContainerNamedObjectPath [0x779C65FD+189]at java.base/jdk.internal.reflect.NativeConstructorAccessorImpl.newInstance0(Native Method)at java.base/jdk.internal.reflect.NativeConstructorAccessorImpl.newInstance(NativeConstructorAccessorImpl.java:62)at java.base/jdk.internal.reflect.DelegatingConstructorAccessorImpl.newInstance(DelegatingConstructorAccessorImpl.java:45)at java.base/java.lang.reflect.Constructor.newInstance(Constructor.java:490)at org.openqa.selenium.remote.W3CHandshakeResponse.lambda$new$0(W3CHandshakeResponse.java:57)at org.openqa.selenium.remote.W3CHandshakeResponse.lambda$getResponseFunction$2(W3CHandshakeResponse.java:104)at org.openqa.selenium.remote.ProtocolHandshake.lambda$createSession$0(ProtocolHandshake.java:123)at java.base/java.util.stream.ReferencePipeline$3$1.accept(ReferencePipeline.java:195)at java.base/java.util.Spliterators$ArraySpliterator.tryAdvance(Spliterators.java:958)at java.base/java.util.stream.ReferencePipeline.forEachWithCancel(ReferencePipeline.java:127)at java.base/java.util.stream.AbstractPipeline.copyIntoWithCancel(AbstractPipeline.java:502)at java.base/java.util.stream.AbstractPipeline.copyInto(AbstractPipeline.java:488)at java.base/java.util.stream.AbstractPipeline.wrapAndCopyInto(AbstractPipeline.java:474)at java.base/java.util.stream.FindOps$FindOp.evaluateSequential(FindOps.java:150)at java.base/java.util.stream.AbstractPipeline.evaluate(AbstractPipeline.java:234)at java.base/java.util.stream.ReferencePipeline.findFirst(ReferencePipeline.java:543)at org.openqa.selenium.remote.ProtocolHandshake.createSession(ProtocolHandshake.java:126)at org.openqa.selenium.remote.ProtocolHandshake.createSession(ProtocolHandshake.java:73)at org.openqa.selenium.remote.HttpCommandExecutor.execute(HttpCommandExecutor.java:142)at org.openqa.selenium.remote.service.DriverCommandExecutor.execute(DriverCommandExecutor.java:83)at org.openqa.selenium.remote.RemoteWebDriver.execute(RemoteWebDriver.java:601)at org.openqa.selenium.remote.RemoteWebDriver.startSession(RemoteWebDriver.java:219)at org.openqa.selenium.remote.RemoteWebDriver.<init>(RemoteWebDriver.java:142)at org.openqa.selenium.chrome.ChromeDriver.<init>(ChromeDriver.java:181)at org.openqa.selenium.chrome.ChromeDriver.<init>(ChromeDriver.java:168)at org.openqa.selenium.chrome.ChromeDriver.<init>(ChromeDriver.java:123)at com.james.training.selenium_project.basetest.BrowserDriverFactory.createDriver(BrowserDriverFactory.java:25)at com.james.training.selenium_project.basetest.BaseTest.setUp(BaseTest.java:38)at java.base/jdk.internal.reflect.NativeMethodAccessorImpl.invoke0(Native Method)at java.base/jdk.internal.reflect.NativeMethodAccessorImpl.invoke(NativeMethodAccessorImpl.java:62)at java.base/jdk.internal.reflect.DelegatingMethodAccessorImpl.invoke(DelegatingMethodAccessorImpl.java:43)at java.base/java.lang.reflect.Method.invoke(Method.java:566)at org.testng.internal.MethodInvocationHelper.invokeMethod(MethodInvocationHelper.java:124)at org.testng.internal.MethodInvocationHelper.invokeMethodConsideringTimeout(MethodInvocationHelper.java:59)at org.testng.internal.Invoker.invokeConfigurationMethod(Invoker.java:451)at org.testng.internal.Invoker.invokeConfigurations(Invoker.java:222)at org.testng.internal.Invoker.invokeMethod(Invoker.java:516)at org.testng.internal.Invoker.invokeTestMethod(Invoker.java:707)at org.testng.internal.TestMethodWithDataProviderMethodWorker.call(TestMethodWithDataProviderMethodWorker.java:71)at org.testng.internal.TestMethodWithDataProviderMethodWorker.call(TestMethodWithDataProviderMethodWorker.java:14)at java.base/java.util.concurrent.FutureTask.run(FutureTask.java:264)at java.base/java.util.concurrent.Executors$RunnableAdapter.call(Executors.java:515)at java.base/java.util.concurrent.FutureTask.run(FutureTask.java:264)at java.base/java.util.concurrent.ThreadPoolExecutor.runWorker(ThreadPoolExecutor.java:1128)at java.base/java.util.concurrent.ThreadPoolExecutor$Worker.run(ThreadPoolExecutor.java:628)at java.base/java.lang.Thread.run(Thread.java:834)]]>
    </error>
  </testcase> <!-- setUp -->
  <testcase classname="com.james.training.selenium_project.uielementspagetests.PositiveLoginTest" name="setUp" time="4.878">
    <error message="session not created: This version of ChromeDriver only supports Chrome version 80
Build info: version: &#039;3.8.1&#039;, revision: &#039;6e95a6684b&#039;, time: &#039;2017-12-01T18:33:54.468Z&#039;
System info: host: &#039;DUBN34630627A&#039;, ip: &#039;10.181.67.79&#039;, os.name: &#039;Windows 10&#039;, os.arch: &#039;amd64&#039;, os.version: &#039;10.0&#039;, java.version: &#039;11.0.2&#039;
Driver info: driver.version: ChromeDriver
remote stacktrace: Backtrace:
	Ordinal0 [0x012C0AE3+1706723]
	Ordinal0 [0x012268C1+1075393]
	Ordinal0 [0x0119DFA9+516009]
	Ordinal0 [0x01130554+66900]
	Ordinal0 [0x0112CCE2+52450]
	Ordinal0 [0x0114BFD7+180183]
	Ordinal0 [0x0114BDDD+179677]
	Ordinal0 [0x01149D4B+171339]
	Ordinal0 [0x01131D4A+73034]
	Ordinal0 [0x01132DC0+77248]
	Ordinal0 [0x01132D59+77145]
	Ordinal0 [0x0123BB37+1162039]
	GetHandleVerifier [0x0135A7C6+508998]
	GetHandleVerifier [0x0135A504+508292]
	GetHandleVerifier [0x0136F617+594583]
	GetHandleVerifier [0x0135B036+511158]
	Ordinal0 [0x01233FFC+1130492]
	Ordinal0 [0x0123D49B+1168539]
	Ordinal0 [0x0123D603+1168899]
	Ordinal0 [0x01255B05+1268485]
	BaseThreadInitThunk [0x752A0419+25]
	RtlGetAppContainerNamedObjectPath [0x779C662D+237]
	RtlGetAppContainerNamedObjectPath [0x779C65FD+189]
" type="org.openqa.selenium.SessionNotCreatedException">
      <![CDATA[org.openqa.selenium.SessionNotCreatedException: session not created: This version of ChromeDriver only supports Chrome version 80Build info: version: '3.8.1', revision: '6e95a6684b', time: '2017-12-01T18:33:54.468Z'System info: host: 'DUBN34630627A', ip: '10.181.67.79', os.name: 'Windows 10', os.arch: 'amd64', os.version: '10.0', java.version: '11.0.2'Driver info: driver.version: ChromeDriverremote stacktrace: Backtrace:Ordinal0 [0x012C0AE3+1706723]Ordinal0 [0x012268C1+1075393]Ordinal0 [0x0119DFA9+516009]Ordinal0 [0x01130554+66900]Ordinal0 [0x0112CCE2+52450]Ordinal0 [0x0114BFD7+180183]Ordinal0 [0x0114BDDD+179677]Ordinal0 [0x01149D4B+171339]Ordinal0 [0x01131D4A+73034]Ordinal0 [0x01132DC0+77248]Ordinal0 [0x01132D59+77145]Ordinal0 [0x0123BB37+1162039]GetHandleVerifier [0x0135A7C6+508998]GetHandleVerifier [0x0135A504+508292]GetHandleVerifier [0x0136F617+594583]GetHandleVerifier [0x0135B036+511158]Ordinal0 [0x01233FFC+1130492]Ordinal0 [0x0123D49B+1168539]Ordinal0 [0x0123D603+1168899]Ordinal0 [0x01255B05+1268485]BaseThreadInitThunk [0x752A0419+25]RtlGetAppContainerNamedObjectPath [0x779C662D+237]RtlGetAppContainerNamedObjectPath [0x779C65FD+189]at java.base/jdk.internal.reflect.NativeConstructorAccessorImpl.newInstance0(Native Method)at java.base/jdk.internal.reflect.NativeConstructorAccessorImpl.newInstance(NativeConstructorAccessorImpl.java:62)at java.base/jdk.internal.reflect.DelegatingConstructorAccessorImpl.newInstance(DelegatingConstructorAccessorImpl.java:45)at java.base/java.lang.reflect.Constructor.newInstance(Constructor.java:490)at org.openqa.selenium.remote.W3CHandshakeResponse.lambda$new$0(W3CHandshakeResponse.java:57)at org.openqa.selenium.remote.W3CHandshakeResponse.lambda$getResponseFunction$2(W3CHandshakeResponse.java:104)at org.openqa.selenium.remote.ProtocolHandshake.lambda$createSession$0(ProtocolHandshake.java:123)at java.base/java.util.stream.ReferencePipeline$3$1.accept(ReferencePipeline.java:195)at java.base/java.util.Spliterators$ArraySpliterator.tryAdvance(Spliterators.java:958)at java.base/java.util.stream.ReferencePipeline.forEachWithCancel(ReferencePipeline.java:127)at java.base/java.util.stream.AbstractPipeline.copyIntoWithCancel(AbstractPipeline.java:502)at java.base/java.util.stream.AbstractPipeline.copyInto(AbstractPipeline.java:488)at java.base/java.util.stream.AbstractPipeline.wrapAndCopyInto(AbstractPipeline.java:474)at java.base/java.util.stream.FindOps$FindOp.evaluateSequential(FindOps.java:150)at java.base/java.util.stream.AbstractPipeline.evaluate(AbstractPipeline.java:234)at java.base/java.util.stream.ReferencePipeline.findFirst(ReferencePipeline.java:543)at org.openqa.selenium.remote.ProtocolHandshake.createSession(ProtocolHandshake.java:126)at org.openqa.selenium.remote.ProtocolHandshake.createSession(ProtocolHandshake.java:73)at org.openqa.selenium.remote.HttpCommandExecutor.execute(HttpCommandExecutor.java:142)at org.openqa.selenium.remote.service.DriverCommandExecutor.execute(DriverCommandExecutor.java:83)at org.openqa.selenium.remote.RemoteWebDriver.execute(RemoteWebDriver.java:601)at org.openqa.selenium.remote.RemoteWebDriver.startSession(RemoteWebDriver.java:219)at org.openqa.selenium.remote.RemoteWebDriver.<init>(RemoteWebDriver.java:142)at org.openqa.selenium.chrome.ChromeDriver.<init>(ChromeDriver.java:181)at org.openqa.selenium.chrome.ChromeDriver.<init>(ChromeDriver.java:168)at org.openqa.selenium.chrome.ChromeDriver.<init>(ChromeDriver.java:123)at com.james.training.selenium_project.basetest.BrowserDriverFactory.createDriver(BrowserDriverFactory.java:25)at com.james.training.selenium_project.basetest.BaseTest.setUp(BaseTest.java:38)at java.base/jdk.internal.reflect.NativeMethodAccessorImpl.invoke0(Native Method)at java.base/jdk.internal.reflect.NativeMethodAccessorImpl.invoke(NativeMethodAccessorImpl.java:62)at java.base/jdk.internal.reflect.DelegatingMethodAccessorImpl.invoke(DelegatingMethodAccessorImpl.java:43)at java.base/java.lang.reflect.Method.invoke(Method.java:566)at org.testng.internal.MethodInvocationHelper.invokeMethod(MethodInvocationHelper.java:124)at org.testng.internal.MethodInvocationHelper.invokeMethodConsideringTimeout(MethodInvocationHelper.java:59)at org.testng.internal.Invoker.invokeConfigurationMethod(Invoker.java:451)at org.testng.internal.Invoker.invokeConfigurations(Invoker.java:222)at org.testng.internal.Invoker.invokeMethod(Invoker.java:516)at org.testng.internal.Invoker.invokeTestMethod(Invoker.java:707)at org.testng.internal.TestMethodWithDataProviderMethodWorker.call(TestMethodWithDataProviderMethodWorker.java:71)at org.testng.internal.TestMethodWithDataProviderMethodWorker.call(TestMethodWithDataProviderMethodWorker.java:14)at java.base/java.util.concurrent.FutureTask.run(FutureTask.java:264)at java.base/java.util.concurrent.Executors$RunnableAdapter.call(Executors.java:515)at java.base/java.util.concurrent.FutureTask.run(FutureTask.java:264)at java.base/java.util.concurrent.ThreadPoolExecutor.runWorker(ThreadPoolExecutor.java:1128)at java.base/java.util.concurrent.ThreadPoolExecutor$Worker.run(ThreadPoolExecutor.java:628)at java.base/java.lang.Thread.run(Thread.java:834)]]>
    </error>
  </testcase> <!-- setUp -->
  <testcase classname="com.james.training.selenium_project.uielementspagetests.PositiveLoginTest" name="positivelogInTest" time="0.000">
    <skipped/>
  </testcase> <!-- positivelogInTest -->
  <testcase classname="com.james.training.selenium_project.uielementspagetests.PositiveLoginTest" name="positivelogInTest" time="0.000">
    <skipped/>
  </testcase> <!-- positivelogInTest -->
  <testcase classname="com.james.training.selenium_project.uielementspagetests.PositiveLoginTest" name="tearDown" time="0.000">
    <error type="java.lang.NullPointerException">
      <![CDATA[java.lang.NullPointerExceptionat com.james.training.selenium_project.basetest.BaseTest.tearDown(BaseTest.java:62)at java.base/jdk.internal.reflect.NativeMethodAccessorImpl.invoke0(Native Method)at java.base/jdk.internal.reflect.NativeMethodAccessorImpl.invoke(NativeMethodAccessorImpl.java:62)at java.base/jdk.internal.reflect.DelegatingMethodAccessorImpl.invoke(DelegatingMethodAccessorImpl.java:43)at java.base/java.lang.reflect.Method.invoke(Method.java:566)at org.testng.internal.MethodInvocationHelper.invokeMethod(MethodInvocationHelper.java:124)at org.testng.internal.MethodInvocationHelper.invokeMethodConsideringTimeout(MethodInvocationHelper.java:59)at org.testng.internal.Invoker.invokeConfigurationMethod(Invoker.java:451)at org.testng.internal.Invoker.invokeConfigurations(Invoker.java:222)at org.testng.internal.Invoker.invokeMethod(Invoker.java:529)at org.testng.internal.Invoker.invokeTestMethod(Invoker.java:707)at org.testng.internal.TestMethodWithDataProviderMethodWorker.call(TestMethodWithDataProviderMethodWorker.java:71)at org.testng.internal.TestMethodWithDataProviderMethodWorker.call(TestMethodWithDataProviderMethodWorker.java:14)at java.base/java.util.concurrent.FutureTask.run(FutureTask.java:264)at java.base/java.util.concurrent.Executors$RunnableAdapter.call(Executors.java:515)at java.base/java.util.concurrent.FutureTask.run(FutureTask.java:264)at java.base/java.util.concurrent.ThreadPoolExecutor.runWorker(ThreadPoolExecutor.java:1128)at java.base/java.util.concurrent.ThreadPoolExecutor$Worker.run(ThreadPoolExecutor.java:628)at java.base/java.lang.Thread.run(Thread.java:834)]]>
    </error>
  </testcase> <!-- tearDown -->
  <testcase classname="com.james.training.selenium_project.uielementspagetests.PositiveLoginTest" name="tearDown" time="0.003">
    <error type="java.lang.NullPointerException">
      <![CDATA[java.lang.NullPointerExceptionat com.james.training.selenium_project.basetest.BaseTest.tearDown(BaseTest.java:62)at java.base/jdk.internal.reflect.NativeMethodAccessorImpl.invoke0(Native Method)at java.base/jdk.internal.reflect.NativeMethodAccessorImpl.invoke(NativeMethodAccessorImpl.java:62)at java.base/jdk.internal.reflect.DelegatingMethodAccessorImpl.invoke(DelegatingMethodAccessorImpl.java:43)at java.base/java.lang.reflect.Method.invoke(Method.java:566)at org.testng.internal.MethodInvocationHelper.invokeMethod(MethodInvocationHelper.java:124)at org.testng.internal.MethodInvocationHelper.invokeMethodConsideringTimeout(MethodInvocationHelper.java:59)at org.testng.internal.Invoker.invokeConfigurationMethod(Invoker.java:451)at org.testng.internal.Invoker.invokeConfigurations(Invoker.java:222)at org.testng.internal.Invoker.invokeMethod(Invoker.java:529)at org.testng.internal.Invoker.invokeTestMethod(Invoker.java:707)at org.testng.internal.TestMethodWithDataProviderMethodWorker.call(TestMethodWithDataProviderMethodWorker.java:71)at org.testng.internal.TestMethodWithDataProviderMethodWorker.call(TestMethodWithDataProviderMethodWorker.java:14)at java.base/java.util.concurrent.FutureTask.run(FutureTask.java:264)at java.base/java.util.concurrent.Executors$RunnableAdapter.call(Executors.java:515)at java.base/java.util.concurrent.FutureTask.run(FutureTask.java:264)at java.base/java.util.concurrent.ThreadPoolExecutor.runWorker(ThreadPoolExecutor.java:1128)at java.base/java.util.concurrent.ThreadPoolExecutor$Worker.run(ThreadPoolExecutor.java:628)at java.base/java.lang.Thread.run(Thread.java:834)]]>
    </error>
  </testcase> <!-- tearDown -->
  <testcase classname="com.james.training.selenium_project.uielementspagetests.PositiveLoginTest" name="setUp" time="4.878">
    <error message="session not created: This version of ChromeDriver only supports Chrome version 80
Build info: version: &#039;3.8.1&#039;, revision: &#039;6e95a6684b&#039;, time: &#039;2017-12-01T18:33:54.468Z&#039;
System info: host: &#039;DUBN34630627A&#039;, ip: &#039;10.181.67.79&#039;, os.name: &#039;Windows 10&#039;, os.arch: &#039;amd64&#039;, os.version: &#039;10.0&#039;, java.version: &#039;11.0.2&#039;
Driver info: driver.version: ChromeDriver
remote stacktrace: Backtrace:
	Ordinal0 [0x012C0AE3+1706723]
	Ordinal0 [0x012268C1+1075393]
	Ordinal0 [0x0119DFA9+516009]
	Ordinal0 [0x01130554+66900]
	Ordinal0 [0x0112CCE2+52450]
	Ordinal0 [0x0114BFD7+180183]
	Ordinal0 [0x0114BDDD+179677]
	Ordinal0 [0x01149D4B+171339]
	Ordinal0 [0x01131D4A+73034]
	Ordinal0 [0x01132DC0+77248]
	Ordinal0 [0x01132D59+77145]
	Ordinal0 [0x0123BB37+1162039]
	GetHandleVerifier [0x0135A7C6+508998]
	GetHandleVerifier [0x0135A504+508292]
	GetHandleVerifier [0x0136F617+594583]
	GetHandleVerifier [0x0135B036+511158]
	Ordinal0 [0x01233FFC+1130492]
	Ordinal0 [0x0123D49B+1168539]
	Ordinal0 [0x0123D603+1168899]
	Ordinal0 [0x01255B05+1268485]
	BaseThreadInitThunk [0x752A0419+25]
	RtlGetAppContainerNamedObjectPath [0x779C662D+237]
	RtlGetAppContainerNamedObjectPath [0x779C65FD+189]
" type="org.openqa.selenium.SessionNotCreatedException">
      <![CDATA[org.openqa.selenium.SessionNotCreatedException: session not created: This version of ChromeDriver only supports Chrome version 80Build info: version: '3.8.1', revision: '6e95a6684b', time: '2017-12-01T18:33:54.468Z'System info: host: 'DUBN34630627A', ip: '10.181.67.79', os.name: 'Windows 10', os.arch: 'amd64', os.version: '10.0', java.version: '11.0.2'Driver info: driver.version: ChromeDriverremote stacktrace: Backtrace:Ordinal0 [0x012C0AE3+1706723]Ordinal0 [0x012268C1+1075393]Ordinal0 [0x0119DFA9+516009]Ordinal0 [0x01130554+66900]Ordinal0 [0x0112CCE2+52450]Ordinal0 [0x0114BFD7+180183]Ordinal0 [0x0114BDDD+179677]Ordinal0 [0x01149D4B+171339]Ordinal0 [0x01131D4A+73034]Ordinal0 [0x01132DC0+77248]Ordinal0 [0x01132D59+77145]Ordinal0 [0x0123BB37+1162039]GetHandleVerifier [0x0135A7C6+508998]GetHandleVerifier [0x0135A504+508292]GetHandleVerifier [0x0136F617+594583]GetHandleVerifier [0x0135B036+511158]Ordinal0 [0x01233FFC+1130492]Ordinal0 [0x0123D49B+1168539]Ordinal0 [0x0123D603+1168899]Ordinal0 [0x01255B05+1268485]BaseThreadInitThunk [0x752A0419+25]RtlGetAppContainerNamedObjectPath [0x779C662D+237]RtlGetAppContainerNamedObjectPath [0x779C65FD+189]at java.base/jdk.internal.reflect.NativeConstructorAccessorImpl.newInstance0(Native Method)at java.base/jdk.internal.reflect.NativeConstructorAccessorImpl.newInstance(NativeConstructorAccessorImpl.java:62)at java.base/jdk.internal.reflect.DelegatingConstructorAccessorImpl.newInstance(DelegatingConstructorAccessorImpl.java:45)at java.base/java.lang.reflect.Constructor.newInstance(Constructor.java:490)at org.openqa.selenium.remote.W3CHandshakeResponse.lambda$new$0(W3CHandshakeResponse.java:57)at org.openqa.selenium.remote.W3CHandshakeResponse.lambda$getResponseFunction$2(W3CHandshakeResponse.java:104)at org.openqa.selenium.remote.ProtocolHandshake.lambda$createSession$0(ProtocolHandshake.java:123)at java.base/java.util.stream.ReferencePipeline$3$1.accept(ReferencePipeline.java:195)at java.base/java.util.Spliterators$ArraySpliterator.tryAdvance(Spliterators.java:958)at java.base/java.util.stream.ReferencePipeline.forEachWithCancel(ReferencePipeline.java:127)at java.base/java.util.stream.AbstractPipeline.copyIntoWithCancel(AbstractPipeline.java:502)at java.base/java.util.stream.AbstractPipeline.copyInto(AbstractPipeline.java:488)at java.base/java.util.stream.AbstractPipeline.wrapAndCopyInto(AbstractPipeline.java:474)at java.base/java.util.stream.FindOps$FindOp.evaluateSequential(FindOps.java:150)at java.base/java.util.stream.AbstractPipeline.evaluate(AbstractPipeline.java:234)at java.base/java.util.stream.ReferencePipeline.findFirst(ReferencePipeline.java:543)at org.openqa.selenium.remote.ProtocolHandshake.createSession(ProtocolHandshake.java:126)at org.openqa.selenium.remote.ProtocolHandshake.createSession(ProtocolHandshake.java:73)at org.openqa.selenium.remote.HttpCommandExecutor.execute(HttpCommandExecutor.java:142)at org.openqa.selenium.remote.service.DriverCommandExecutor.execute(DriverCommandExecutor.java:83)at org.openqa.selenium.remote.RemoteWebDriver.execute(RemoteWebDriver.java:601)at org.openqa.selenium.remote.RemoteWebDriver.startSession(RemoteWebDriver.java:219)at org.openqa.selenium.remote.RemoteWebDriver.<init>(RemoteWebDriver.java:142)at org.openqa.selenium.chrome.ChromeDriver.<init>(ChromeDriver.java:181)at org.openqa.selenium.chrome.ChromeDriver.<init>(ChromeDriver.java:168)at org.openqa.selenium.chrome.ChromeDriver.<init>(ChromeDriver.java:123)at com.james.training.selenium_project.basetest.BrowserDriverFactory.createDriver(BrowserDriverFactory.java:25)at com.james.training.selenium_project.basetest.BaseTest.setUp(BaseTest.java:38)at java.base/jdk.internal.reflect.NativeMethodAccessorImpl.invoke0(Native Method)at java.base/jdk.internal.reflect.NativeMethodAccessorImpl.invoke(NativeMethodAccessorImpl.java:62)at java.base/jdk.internal.reflect.DelegatingMethodAccessorImpl.invoke(DelegatingMethodAccessorImpl.java:43)at java.base/java.lang.reflect.Method.invoke(Method.java:566)at org.testng.internal.MethodInvocationHelper.invokeMethod(MethodInvocationHelper.java:124)at org.testng.internal.MethodInvocationHelper.invokeMethodConsideringTimeout(MethodInvocationHelper.java:59)at org.testng.internal.Invoker.invokeConfigurationMethod(Invoker.java:451)at org.testng.internal.Invoker.invokeConfigurations(Invoker.java:222)at org.testng.internal.Invoker.invokeMethod(Invoker.java:516)at org.testng.internal.Invoker.invokeTestMethod(Invoker.java:707)at org.testng.internal.TestMethodWithDataProviderMethodWorker.call(TestMethodWithDataProviderMethodWorker.java:71)at org.testng.internal.TestMethodWithDataProviderMethodWorker.call(TestMethodWithDataProviderMethodWorker.java:14)at java.base/java.util.concurrent.FutureTask.run(FutureTask.java:264)at java.base/java.util.concurrent.Executors$RunnableAdapter.call(Executors.java:515)at java.base/java.util.concurrent.FutureTask.run(FutureTask.java:264)at java.base/java.util.concurrent.ThreadPoolExecutor.runWorker(ThreadPoolExecutor.java:1128)at java.base/java.util.concurrent.ThreadPoolExecutor$Worker.run(ThreadPoolExecutor.java:628)at java.base/java.lang.Thread.run(Thread.java:834)]]>
    </error>
  </testcase> <!-- setUp -->
  <testcase classname="com.james.training.selenium_project.uielementspagetests.PositiveLoginTest" name="tearDown" time="0.000">
    <error type="java.lang.NullPointerException">
      <![CDATA[java.lang.NullPointerExceptionat com.james.training.selenium_project.basetest.BaseTest.tearDown(BaseTest.java:62)at java.base/jdk.internal.reflect.NativeMethodAccessorImpl.invoke0(Native Method)at java.base/jdk.internal.reflect.NativeMethodAccessorImpl.invoke(NativeMethodAccessorImpl.java:62)at java.base/jdk.internal.reflect.DelegatingMethodAccessorImpl.invoke(DelegatingMethodAccessorImpl.java:43)at java.base/java.lang.reflect.Method.invoke(Method.java:566)at org.testng.internal.MethodInvocationHelper.invokeMethod(MethodInvocationHelper.java:124)at org.testng.internal.MethodInvocationHelper.invokeMethodConsideringTimeout(MethodInvocationHelper.java:59)at org.testng.internal.Invoker.invokeConfigurationMethod(Invoker.java:451)at org.testng.internal.Invoker.invokeConfigurations(Invoker.java:222)at org.testng.internal.Invoker.invokeMethod(Invoker.java:529)at org.testng.internal.Invoker.invokeTestMethod(Invoker.java:707)at org.testng.internal.TestMethodWithDataProviderMethodWorker.call(TestMethodWithDataProviderMethodWorker.java:71)at org.testng.internal.TestMethodWithDataProviderMethodWorker.call(TestMethodWithDataProviderMethodWorker.java:14)at java.base/java.util.concurrent.FutureTask.run(FutureTask.java:264)at java.base/java.util.concurrent.Executors$RunnableAdapter.call(Executors.java:515)at java.base/java.util.concurrent.FutureTask.run(FutureTask.java:264)at java.base/java.util.concurrent.ThreadPoolExecutor.runWorker(ThreadPoolExecutor.java:1128)at java.base/java.util.concurrent.ThreadPoolExecutor$Worker.run(ThreadPoolExecutor.java:628)at java.base/java.lang.Thread.run(Thread.java:834)]]>
    </error>
  </testcase> <!-- tearDown -->
  <testcase classname="com.james.training.selenium_project.uielementspagetests.PositiveLoginTest" name="tearDown" time="0.000">
    <error type="java.lang.NullPointerException">
      <![CDATA[java.lang.NullPointerExceptionat com.james.training.selenium_project.basetest.BaseTest.tearDown(BaseTest.java:62)at java.base/jdk.internal.reflect.NativeMethodAccessorImpl.invoke0(Native Method)at java.base/jdk.internal.reflect.NativeMethodAccessorImpl.invoke(NativeMethodAccessorImpl.java:62)at java.base/jdk.internal.reflect.DelegatingMethodAccessorImpl.invoke(DelegatingMethodAccessorImpl.java:43)at java.base/java.lang.reflect.Method.invoke(Method.java:566)at org.testng.internal.MethodInvocationHelper.invokeMethod(MethodInvocationHelper.java:124)at org.testng.internal.MethodInvocationHelper.invokeMethodConsideringTimeout(MethodInvocationHelper.java:59)at org.testng.internal.Invoker.invokeConfigurationMethod(Invoker.java:451)at org.testng.internal.Invoker.invokeConfigurations(Invoker.java:222)at org.testng.internal.Invoker.invokeMethod(Invoker.java:529)at org.testng.internal.Invoker.invokeTestMethod(Invoker.java:707)at org.testng.internal.TestMethodWithDataProviderMethodWorker.call(TestMethodWithDataProviderMethodWorker.java:71)at org.testng.internal.TestMethodWithDataProviderMethodWorker.call(TestMethodWithDataProviderMethodWorker.java:14)at java.base/java.util.concurrent.FutureTask.run(FutureTask.java:264)at java.base/java.util.concurrent.Executors$RunnableAdapter.call(Executors.java:515)at java.base/java.util.concurrent.FutureTask.run(FutureTask.java:264)at java.base/java.util.concurrent.ThreadPoolExecutor.runWorker(ThreadPoolExecutor.java:1128)at java.base/java.util.concurrent.ThreadPoolExecutor$Worker.run(ThreadPoolExecutor.java:628)at java.base/java.lang.Thread.run(Thread.java:834)]]>
    </error>
  </testcase> <!-- tearDown -->
  <testcase classname="com.james.training.selenium_project.uielementspagetests.PositiveLoginTest" name="positivelogInTest" time="0.000">
    <skipped/>
  </testcase> <!-- positivelogInTest -->
  <testcase classname="com.james.training.selenium_project.uielementspagetests.PositiveLoginTest" name="setUp" time="5.389">
    <error message="session not created: This version of ChromeDriver only supports Chrome version 80
Build info: version: &#039;3.8.1&#039;, revision: &#039;6e95a6684b&#039;, time: &#039;2017-12-01T18:33:54.468Z&#039;
System info: host: &#039;DUBN34630627A&#039;, ip: &#039;10.181.67.79&#039;, os.name: &#039;Windows 10&#039;, os.arch: &#039;amd64&#039;, os.version: &#039;10.0&#039;, java.version: &#039;11.0.2&#039;
Driver info: driver.version: ChromeDriver
remote stacktrace: Backtrace:
	Ordinal0 [0x012C0AE3+1706723]
	Ordinal0 [0x012268C1+1075393]
	Ordinal0 [0x0119DFA9+516009]
	Ordinal0 [0x01130554+66900]
	Ordinal0 [0x0112CCE2+52450]
	Ordinal0 [0x0114BFD7+180183]
	Ordinal0 [0x0114BDDD+179677]
	Ordinal0 [0x01149D4B+171339]
	Ordinal0 [0x01131D4A+73034]
	Ordinal0 [0x01132DC0+77248]
	Ordinal0 [0x01132D59+77145]
	Ordinal0 [0x0123BB37+1162039]
	GetHandleVerifier [0x0135A7C6+508998]
	GetHandleVerifier [0x0135A504+508292]
	GetHandleVerifier [0x0136F617+594583]
	GetHandleVerifier [0x0135B036+511158]
	Ordinal0 [0x01233FFC+1130492]
	Ordinal0 [0x0123D49B+1168539]
	Ordinal0 [0x0123D603+1168899]
	Ordinal0 [0x01255B05+1268485]
	BaseThreadInitThunk [0x752A0419+25]
	RtlGetAppContainerNamedObjectPath [0x779C662D+237]
	RtlGetAppContainerNamedObjectPath [0x779C65FD+189]
" type="org.openqa.selenium.SessionNotCreatedException">
      <![CDATA[org.openqa.selenium.SessionNotCreatedException: session not created: This version of ChromeDriver only supports Chrome version 80Build info: version: '3.8.1', revision: '6e95a6684b', time: '2017-12-01T18:33:54.468Z'System info: host: 'DUBN34630627A', ip: '10.181.67.79', os.name: 'Windows 10', os.arch: 'amd64', os.version: '10.0', java.version: '11.0.2'Driver info: driver.version: ChromeDriverremote stacktrace: Backtrace:Ordinal0 [0x012C0AE3+1706723]Ordinal0 [0x012268C1+1075393]Ordinal0 [0x0119DFA9+516009]Ordinal0 [0x01130554+66900]Ordinal0 [0x0112CCE2+52450]Ordinal0 [0x0114BFD7+180183]Ordinal0 [0x0114BDDD+179677]Ordinal0 [0x01149D4B+171339]Ordinal0 [0x01131D4A+73034]Ordinal0 [0x01132DC0+77248]Ordinal0 [0x01132D59+77145]Ordinal0 [0x0123BB37+1162039]GetHandleVerifier [0x0135A7C6+508998]GetHandleVerifier [0x0135A504+508292]GetHandleVerifier [0x0136F617+594583]GetHandleVerifier [0x0135B036+511158]Ordinal0 [0x01233FFC+1130492]Ordinal0 [0x0123D49B+1168539]Ordinal0 [0x0123D603+1168899]Ordinal0 [0x01255B05+1268485]BaseThreadInitThunk [0x752A0419+25]RtlGetAppContainerNamedObjectPath [0x779C662D+237]RtlGetAppContainerNamedObjectPath [0x779C65FD+189]at java.base/jdk.internal.reflect.NativeConstructorAccessorImpl.newInstance0(Native Method)at java.base/jdk.internal.reflect.NativeConstructorAccessorImpl.newInstance(NativeConstructorAccessorImpl.java:62)at java.base/jdk.internal.reflect.DelegatingConstructorAccessorImpl.newInstance(DelegatingConstructorAccessorImpl.java:45)at java.base/java.lang.reflect.Constructor.newInstance(Constructor.java:490)at org.openqa.selenium.remote.W3CHandshakeResponse.lambda$new$0(W3CHandshakeResponse.java:57)at org.openqa.selenium.remote.W3CHandshakeResponse.lambda$getResponseFunction$2(W3CHandshakeResponse.java:104)at org.openqa.selenium.remote.ProtocolHandshake.lambda$createSession$0(ProtocolHandshake.java:123)at java.base/java.util.stream.ReferencePipeline$3$1.accept(ReferencePipeline.java:195)at java.base/java.util.Spliterators$ArraySpliterator.tryAdvance(Spliterators.java:958)at java.base/java.util.stream.ReferencePipeline.forEachWithCancel(ReferencePipeline.java:127)at java.base/java.util.stream.AbstractPipeline.copyIntoWithCancel(AbstractPipeline.java:502)at java.base/java.util.stream.AbstractPipeline.copyInto(AbstractPipeline.java:488)at java.base/java.util.stream.AbstractPipeline.wrapAndCopyInto(AbstractPipeline.java:474)at java.base/java.util.stream.FindOps$FindOp.evaluateSequential(FindOps.java:150)at java.base/java.util.stream.AbstractPipeline.evaluate(AbstractPipeline.java:234)at java.base/java.util.stream.ReferencePipeline.findFirst(ReferencePipeline.java:543)at org.openqa.selenium.remote.ProtocolHandshake.createSession(ProtocolHandshake.java:126)at org.openqa.selenium.remote.ProtocolHandshake.createSession(ProtocolHandshake.java:73)at org.openqa.selenium.remote.HttpCommandExecutor.execute(HttpCommandExecutor.java:142)at org.openqa.selenium.remote.service.DriverCommandExecutor.execute(DriverCommandExecutor.java:83)at org.openqa.selenium.remote.RemoteWebDriver.execute(RemoteWebDriver.java:601)at org.openqa.selenium.remote.RemoteWebDriver.startSession(RemoteWebDriver.java:219)at org.openqa.selenium.remote.RemoteWebDriver.<init>(RemoteWebDriver.java:142)at org.openqa.selenium.chrome.ChromeDriver.<init>(ChromeDriver.java:181)at org.openqa.selenium.chrome.ChromeDriver.<init>(ChromeDriver.java:168)at org.openqa.selenium.chrome.ChromeDriver.<init>(ChromeDriver.java:123)at com.james.training.selenium_project.basetest.BrowserDriverFactory.createDriver(BrowserDriverFactory.java:25)at com.james.training.selenium_project.basetest.BaseTest.setUp(BaseTest.java:38)at java.base/jdk.internal.reflect.NativeMethodAccessorImpl.invoke0(Native Method)at java.base/jdk.internal.reflect.NativeMethodAccessorImpl.invoke(NativeMethodAccessorImpl.java:62)at java.base/jdk.internal.reflect.DelegatingMethodAccessorImpl.invoke(DelegatingMethodAccessorImpl.java:43)at java.base/java.lang.reflect.Method.invoke(Method.java:566)at org.testng.internal.MethodInvocationHelper.invokeMethod(MethodInvocationHelper.java:124)at org.testng.internal.MethodInvocationHelper.invokeMethodConsideringTimeout(MethodInvocationHelper.java:59)at org.testng.internal.Invoker.invokeConfigurationMethod(Invoker.java:451)at org.testng.internal.Invoker.invokeConfigurations(Invoker.java:222)at org.testng.internal.Invoker.invokeMethod(Invoker.java:516)at org.testng.internal.Invoker.invokeTestMethod(Invoker.java:707)at org.testng.internal.TestMethodWithDataProviderMethodWorker.call(TestMethodWithDataProviderMethodWorker.java:71)at org.testng.internal.TestMethodWithDataProviderMethodWorker.call(TestMethodWithDataProviderMethodWorker.java:14)at java.base/java.util.concurrent.FutureTask.run(FutureTask.java:264)at java.base/java.util.concurrent.Executors$RunnableAdapter.call(Executors.java:515)at java.base/java.util.concurrent.FutureTask.run(FutureTask.java:264)at java.base/java.util.concurrent.ThreadPoolExecutor.runWorker(ThreadPoolExecutor.java:1128)at java.base/java.util.concurrent.ThreadPoolExecutor$Worker.run(ThreadPoolExecutor.java:628)at java.base/java.lang.Thread.run(Thread.java:834)]]>
    </error>
  </testcase> <!-- setUp -->
  <testcase classname="com.james.training.selenium_project.uielementspagetests.PositiveLoginTest" name="setUp" time="4.878">
    <error message="session not created: This version of ChromeDriver only supports Chrome version 80
Build info: version: &#039;3.8.1&#039;, revision: &#039;6e95a6684b&#039;, time: &#039;2017-12-01T18:33:54.468Z&#039;
System info: host: &#039;DUBN34630627A&#039;, ip: &#039;10.181.67.79&#039;, os.name: &#039;Windows 10&#039;, os.arch: &#039;amd64&#039;, os.version: &#039;10.0&#039;, java.version: &#039;11.0.2&#039;
Driver info: driver.version: ChromeDriver
remote stacktrace: Backtrace:
	Ordinal0 [0x012C0AE3+1706723]
	Ordinal0 [0x012268C1+1075393]
	Ordinal0 [0x0119DFA9+516009]
	Ordinal0 [0x01130554+66900]
	Ordinal0 [0x0112CCE2+52450]
	Ordinal0 [0x0114BFD7+180183]
	Ordinal0 [0x0114BDDD+179677]
	Ordinal0 [0x01149D4B+171339]
	Ordinal0 [0x01131D4A+73034]
	Ordinal0 [0x01132DC0+77248]
	Ordinal0 [0x01132D59+77145]
	Ordinal0 [0x0123BB37+1162039]
	GetHandleVerifier [0x0135A7C6+508998]
	GetHandleVerifier [0x0135A504+508292]
	GetHandleVerifier [0x0136F617+594583]
	GetHandleVerifier [0x0135B036+511158]
	Ordinal0 [0x01233FFC+1130492]
	Ordinal0 [0x0123D49B+1168539]
	Ordinal0 [0x0123D603+1168899]
	Ordinal0 [0x01255B05+1268485]
	BaseThreadInitThunk [0x752A0419+25]
	RtlGetAppContainerNamedObjectPath [0x779C662D+237]
	RtlGetAppContainerNamedObjectPath [0x779C65FD+189]
" type="org.openqa.selenium.SessionNotCreatedException">
      <![CDATA[org.openqa.selenium.SessionNotCreatedException: session not created: This version of ChromeDriver only supports Chrome version 80Build info: version: '3.8.1', revision: '6e95a6684b', time: '2017-12-01T18:33:54.468Z'System info: host: 'DUBN34630627A', ip: '10.181.67.79', os.name: 'Windows 10', os.arch: 'amd64', os.version: '10.0', java.version: '11.0.2'Driver info: driver.version: ChromeDriverremote stacktrace: Backtrace:Ordinal0 [0x012C0AE3+1706723]Ordinal0 [0x012268C1+1075393]Ordinal0 [0x0119DFA9+516009]Ordinal0 [0x01130554+66900]Ordinal0 [0x0112CCE2+52450]Ordinal0 [0x0114BFD7+180183]Ordinal0 [0x0114BDDD+179677]Ordinal0 [0x01149D4B+171339]Ordinal0 [0x01131D4A+73034]Ordinal0 [0x01132DC0+77248]Ordinal0 [0x01132D59+77145]Ordinal0 [0x0123BB37+1162039]GetHandleVerifier [0x0135A7C6+508998]GetHandleVerifier [0x0135A504+508292]GetHandleVerifier [0x0136F617+594583]GetHandleVerifier [0x0135B036+511158]Ordinal0 [0x01233FFC+1130492]Ordinal0 [0x0123D49B+1168539]Ordinal0 [0x0123D603+1168899]Ordinal0 [0x01255B05+1268485]BaseThreadInitThunk [0x752A0419+25]RtlGetAppContainerNamedObjectPath [0x779C662D+237]RtlGetAppContainerNamedObjectPath [0x779C65FD+189]at java.base/jdk.internal.reflect.NativeConstructorAccessorImpl.newInstance0(Native Method)at java.base/jdk.internal.reflect.NativeConstructorAccessorImpl.newInstance(NativeConstructorAccessorImpl.java:62)at java.base/jdk.internal.reflect.DelegatingConstructorAccessorImpl.newInstance(DelegatingConstructorAccessorImpl.java:45)at java.base/java.lang.reflect.Constructor.newInstance(Constructor.java:490)at org.openqa.selenium.remote.W3CHandshakeResponse.lambda$new$0(W3CHandshakeResponse.java:57)at org.openqa.selenium.remote.W3CHandshakeResponse.lambda$getResponseFunction$2(W3CHandshakeResponse.java:104)at org.openqa.selenium.remote.ProtocolHandshake.lambda$createSession$0(ProtocolHandshake.java:123)at java.base/java.util.stream.ReferencePipeline$3$1.accept(ReferencePipeline.java:195)at java.base/java.util.Spliterators$ArraySpliterator.tryAdvance(Spliterators.java:958)at java.base/java.util.stream.ReferencePipeline.forEachWithCancel(ReferencePipeline.java:127)at java.base/java.util.stream.AbstractPipeline.copyIntoWithCancel(AbstractPipeline.java:502)at java.base/java.util.stream.AbstractPipeline.copyInto(AbstractPipeline.java:488)at java.base/java.util.stream.AbstractPipeline.wrapAndCopyInto(AbstractPipeline.java:474)at java.base/java.util.stream.FindOps$FindOp.evaluateSequential(FindOps.java:150)at java.base/java.util.stream.AbstractPipeline.evaluate(AbstractPipeline.java:234)at java.base/java.util.stream.ReferencePipeline.findFirst(ReferencePipeline.java:543)at org.openqa.selenium.remote.ProtocolHandshake.createSession(ProtocolHandshake.java:126)at org.openqa.selenium.remote.ProtocolHandshake.createSession(ProtocolHandshake.java:73)at org.openqa.selenium.remote.HttpCommandExecutor.execute(HttpCommandExecutor.java:142)at org.openqa.selenium.remote.service.DriverCommandExecutor.execute(DriverCommandExecutor.java:83)at org.openqa.selenium.remote.RemoteWebDriver.execute(RemoteWebDriver.java:601)at org.openqa.selenium.remote.RemoteWebDriver.startSession(RemoteWebDriver.java:219)at org.openqa.selenium.remote.RemoteWebDriver.<init>(RemoteWebDriver.java:142)at org.openqa.selenium.chrome.ChromeDriver.<init>(ChromeDriver.java:181)at org.openqa.selenium.chrome.ChromeDriver.<init>(ChromeDriver.java:168)at org.openqa.selenium.chrome.ChromeDriver.<init>(ChromeDriver.java:123)at com.james.training.selenium_project.basetest.BrowserDriverFactory.createDriver(BrowserDriverFactory.java:25)at com.james.training.selenium_project.basetest.BaseTest.setUp(BaseTest.java:38)at java.base/jdk.internal.reflect.NativeMethodAccessorImpl.invoke0(Native Method)at java.base/jdk.internal.reflect.NativeMethodAccessorImpl.invoke(NativeMethodAccessorImpl.java:62)at java.base/jdk.internal.reflect.DelegatingMethodAccessorImpl.invoke(DelegatingMethodAccessorImpl.java:43)at java.base/java.lang.reflect.Method.invoke(Method.java:566)at org.testng.internal.MethodInvocationHelper.invokeMethod(MethodInvocationHelper.java:124)at org.testng.internal.MethodInvocationHelper.invokeMethodConsideringTimeout(MethodInvocationHelper.java:59)at org.testng.internal.Invoker.invokeConfigurationMethod(Invoker.java:451)at org.testng.internal.Invoker.invokeConfigurations(Invoker.java:222)at org.testng.internal.Invoker.invokeMethod(Invoker.java:516)at org.testng.internal.Invoker.invokeTestMethod(Invoker.java:707)at org.testng.internal.TestMethodWithDataProviderMethodWorker.call(TestMethodWithDataProviderMethodWorker.java:71)at org.testng.internal.TestMethodWithDataProviderMethodWorker.call(TestMethodWithDataProviderMethodWorker.java:14)at java.base/java.util.concurrent.FutureTask.run(FutureTask.java:264)at java.base/java.util.concurrent.Executors$RunnableAdapter.call(Executors.java:515)at java.base/java.util.concurrent.FutureTask.run(FutureTask.java:264)at java.base/java.util.concurrent.ThreadPoolExecutor.runWorker(ThreadPoolExecutor.java:1128)at java.base/java.util.concurrent.ThreadPoolExecutor$Worker.run(ThreadPoolExecutor.java:628)at java.base/java.lang.Thread.run(Thread.java:834)]]>
    </error>
  </testcase> <!-- setUp -->
  <testcase classname="com.james.training.selenium_project.uielementspagetests.PositiveLoginTest" name="positivelogInTest" time="0.000">
    <skipped/>
  </testcase> <!-- positivelogInTest -->
  <testcase classname="com.james.training.selenium_project.uielementspagetests.PositiveLoginTest" name="positivelogInTest" time="0.000">
    <skipped/>
  </testcase> <!-- positivelogInTest -->
  <testcase classname="com.james.training.selenium_project.uielementspagetests.PositiveLoginTest" name="tearDown" time="0.001">
    <error type="java.lang.NullPointerException">
      <![CDATA[java.lang.NullPointerExceptionat com.james.training.selenium_project.basetest.BaseTest.tearDown(BaseTest.java:62)at java.base/jdk.internal.reflect.NativeMethodAccessorImpl.invoke0(Native Method)at java.base/jdk.internal.reflect.NativeMethodAccessorImpl.invoke(NativeMethodAccessorImpl.java:62)at java.base/jdk.internal.reflect.DelegatingMethodAccessorImpl.invoke(DelegatingMethodAccessorImpl.java:43)at java.base/java.lang.reflect.Method.invoke(Method.java:566)at org.testng.internal.MethodInvocationHelper.invokeMethod(MethodInvocationHelper.java:124)at org.testng.internal.MethodInvocationHelper.invokeMethodConsideringTimeout(MethodInvocationHelper.java:59)at org.testng.internal.Invoker.invokeConfigurationMethod(Invoker.java:451)at org.testng.internal.Invoker.invokeConfigurations(Invoker.java:222)at org.testng.internal.Invoker.invokeMethod(Invoker.java:529)at org.testng.internal.Invoker.invokeTestMethod(Invoker.java:707)at org.testng.internal.TestMethodWithDataProviderMethodWorker.call(TestMethodWithDataProviderMethodWorker.java:71)at org.testng.internal.TestMethodWithDataProviderMethodWorker.call(TestMethodWithDataProviderMethodWorker.java:14)at java.base/java.util.concurrent.FutureTask.run(FutureTask.java:264)at java.base/java.util.concurrent.Executors$RunnableAdapter.call(Executors.java:515)at java.base/java.util.concurrent.FutureTask.run(FutureTask.java:264)at java.base/java.util.concurrent.ThreadPoolExecutor.runWorker(ThreadPoolExecutor.java:1128)at java.base/java.util.concurrent.ThreadPoolExecutor$Worker.run(ThreadPoolExecutor.java:628)at java.base/java.lang.Thread.run(Thread.java:834)]]>
    </error>
  </testcase> <!-- tearDown -->
</testsuite> <!-- com.james.training.selenium_project.uielementspagetests.PositiveLoginTest -->
