<?xml version="1.0" encoding="UTF-8"?>
<!-- Generated by org.testng.reporters.JUnitXMLReporter -->
<testsuite ignored="0" hostname="DUBN34630627A" failures="1" tests="1" name="Test" time="0.023" errors="0" timestamp="05 Dec 2019 19:28:54 GMT">
  <testcase classname="com.james.training.selenium_project.NegativeLoginTests" name="negativeTest" time="0.0">
    <failure type="org.testng.TestNGException" message="
Parameter &amp;apos;username&amp;apos; is required by @Test on method negativeTest but has not been marked @Optional or defined
in C:\Users\i350380\Documents\GitHub\Java-Selenium-Automation-Framework\selenium-project\src\test\java\resources\testng.xml">
      <![CDATA[org.testng.TestNGException: Parameter 'username' is required by @Test on method negativeTest but has not been marked @Optional or definedin C:\Users\i350380\Documents\GitHub\Java-Selenium-Automation-Framework\selenium-project\src\test\java\resources\testng.xml... Removed 24 stack frames]]>
    </failure>
  </testcase> <!-- negativeTest -->
</testsuite> <!-- Test -->
