<!DOCTYPE html>

<html>
  <head>
  <meta charset='utf-8'>
  <title>TestNG reports</title>

    <link type="text/css" href="testng-reports.css" rel="stylesheet" />
    <script type="text/javascript" src="jquery-1.7.1.min.js"></script>
    <script type="text/javascript" src="testng-reports.js"></script>
    <script type="text/javascript" src="https://www.google.com/jsapi"></script>
    <script type='text/javascript'>
      google.load('visualization', '1', {packages:['table']});
      google.setOnLoadCallback(drawTable);
      var suiteTableInitFunctions = new Array();
      var suiteTableData = new Array();
    </script>
    <!--
      <script type="text/javascript" src="jquery-ui/js/jquery-ui-1.8.16.custom.min.js"></script>
     -->
  </head>

  <body>
    <div class="top-banner-root">
      <span class="top-banner-title-font">Test results</span>
      <br/>
      <span class="top-banner-font-1">1 suite</span>
    </div> <!-- top-banner-root -->
    <div class="navigator-root">
      <div class="navigator-suite-header">
        <span>All suites</span>
        <a href="#" title="Collapse/expand all the suites" class="collapse-all-link">
          <img src="collapseall.gif" class="collapse-all-icon">
          </img> <!-- collapse-all-icon -->
        </a> <!-- collapse-all-link -->
      </div> <!-- navigator-suite-header -->
      <div class="suite">
        <div class="rounded-window">
          <div class="suite-header light-rounded-window-top">
            <a href="#" panel-name="suite-PositiveLogInTestSuite" class="navigator-link">
              <span class="suite-name border-skipped">PositiveLogInTestSuite</span>
            </a> <!-- navigator-link -->
          </div> <!-- suite-header light-rounded-window-top -->
          <div class="navigator-suite-content">
            <div class="suite-section-title">
              <span>Info</span>
            </div> <!-- suite-section-title -->
            <div class="suite-section-content">
              <ul>
                <li>
                  <a href="#" panel-name="test-xml-PositiveLogInTestSuite" class="navigator-link ">
                    <span>C:\Users\i350380\Documents\GitHub\Java-Selenium-Automation-Framework\selenium-project\src\test\resources\SeparateTestSuites\PositiveLogInTestSuite.xml</span>
                  </a> <!-- navigator-link  -->
                </li>
                <li>
                  <a href="#" panel-name="testlist-PositiveLogInTestSuite" class="navigator-link ">
                    <span class="test-stats">1 test</span>
                  </a> <!-- navigator-link  -->
                </li>
                <li>
                  <a href="#" panel-name="group-PositiveLogInTestSuite" class="navigator-link ">
                    <span>0 groups</span>
                  </a> <!-- navigator-link  -->
                </li>
                <li>
                  <a href="#" panel-name="times-PositiveLogInTestSuite" class="navigator-link ">
                    <span>Times</span>
                  </a> <!-- navigator-link  -->
                </li>
                <li>
                  <a href="#" panel-name="reporter-PositiveLogInTestSuite" class="navigator-link ">
                    <span>Reporter output</span>
                  </a> <!-- navigator-link  -->
                </li>
                <li>
                  <a href="#" panel-name="ignored-methods-PositiveLogInTestSuite" class="navigator-link ">
                    <span>Ignored methods</span>
                  </a> <!-- navigator-link  -->
                </li>
                <li>
                  <a href="#" panel-name="chronological-PositiveLogInTestSuite" class="navigator-link ">
                    <span>Chronological view</span>
                  </a> <!-- navigator-link  -->
                </li>
              </ul>
            </div> <!-- suite-section-content -->
            <div class="result-section">
              <div class="suite-section-title">
                <span>Results</span>
              </div> <!-- suite-section-title -->
              <div class="suite-section-content">
                <ul>
                  <li>
                    <span class="method-stats">5 methods,  5 skipped,  </span>
                  </li>
                  <li>
                    <span class="method-list-title skipped">Skipped methods</span>
                    <span class="show-or-hide-methods skipped">
                      <a href="#" panel-name="suite-PositiveLogInTestSuite" class="hide-methods skipped suite-PositiveLogInTestSuite"> (hide)</a> <!-- hide-methods skipped suite-PositiveLogInTestSuite -->
                      <a href="#" panel-name="suite-PositiveLogInTestSuite" class="show-methods skipped suite-PositiveLogInTestSuite"> (show)</a> <!-- show-methods skipped suite-PositiveLogInTestSuite -->
                    </span>
                    <div class="method-list-content skipped suite-PositiveLogInTestSuite">
                      <span>
                        <img src="skipped.png" width="3%"/>
                        <a href="#" panel-name="suite-PositiveLogInTestSuite" title="com.james.training.selenium_project.uielementspagetests.PositiveLoginTest" class="method navigator-link" hash-for-method="positivelogInTest">positivelogInTest</a> <!-- method navigator-link -->
                      </span>
                      <br/>
                      <span>
                        <img src="skipped.png" width="3%"/>
                        <a href="#" panel-name="suite-PositiveLogInTestSuite" title="com.james.training.selenium_project.uielementspagetests.PositiveLoginTest" class="method navigator-link" hash-for-method="positivelogInTest">positivelogInTest</a> <!-- method navigator-link -->
                      </span>
                      <br/>
                      <span>
                        <img src="skipped.png" width="3%"/>
                        <a href="#" panel-name="suite-PositiveLogInTestSuite" title="com.james.training.selenium_project.uielementspagetests.PositiveLoginTest" class="method navigator-link" hash-for-method="positivelogInTest">positivelogInTest</a> <!-- method navigator-link -->
                      </span>
                      <br/>
                      <span>
                        <img src="skipped.png" width="3%"/>
                        <a href="#" panel-name="suite-PositiveLogInTestSuite" title="com.james.training.selenium_project.uielementspagetests.PositiveLoginTest" class="method navigator-link" hash-for-method="positivelogInTest">positivelogInTest</a> <!-- method navigator-link -->
                      </span>
                      <br/>
                      <span>
                        <img src="skipped.png" width="3%"/>
                        <a href="#" panel-name="suite-PositiveLogInTestSuite" title="com.james.training.selenium_project.uielementspagetests.PositiveLoginTest" class="method navigator-link" hash-for-method="positivelogInTest">positivelogInTest</a> <!-- method navigator-link -->
                      </span>
                      <br/>
                    </div> <!-- method-list-content skipped suite-PositiveLogInTestSuite -->
                  </li>
                </ul>
              </div> <!-- suite-section-content -->
            </div> <!-- result-section -->
          </div> <!-- navigator-suite-content -->
        </div> <!-- rounded-window -->
      </div> <!-- suite -->
    </div> <!-- navigator-root -->
    <div class="wrapper">
      <div class="main-panel-root">
        <div panel-name="suite-PositiveLogInTestSuite" class="panel PositiveLogInTestSuite">
          <div class="suite-PositiveLogInTestSuite-class-skipped">
            <div class="main-panel-header rounded-window-top">
              <img src="skipped.png"/>
              <span class="class-name">com.james.training.selenium_project.uielementspagetests.PositiveLoginTest</span>
            </div> <!-- main-panel-header rounded-window-top -->
            <div class="main-panel-content rounded-window-bottom">
              <div class="method">
                <div class="method-content">
                  <a name="positivelogInTest">
                  </a> <!-- positivelogInTest -->
                  <span class="method-name">positivelogInTest</span>
                  <div class="stack-trace">org.openqa.selenium.SessionNotCreatedException: session not created: This version of ChromeDriver only supports Chrome version 80
Build info: version: &apos;3.8.1&apos;, revision: &apos;6e95a6684b&apos;, time: &apos;2017-12-01T18:33:54.468Z&apos;
System info: host: &apos;DUBN34630627A&apos;, ip: &apos;10.181.67.79&apos;, os.name: &apos;Windows 10&apos;, os.arch: &apos;amd64&apos;, os.version: &apos;10.0&apos;, java.version: &apos;11.0.2&apos;
Driver info: driver.version: ChromeDriver
remote stacktrace: Backtrace:
	Ordinal0 [0x012C0AE3+1706723]
	Ordinal0 [0x012268C1+1075393]
	Ordinal0 [0x0119DFA9+516009]
	Ordinal0 [0x01130554+66900]
	Ordinal0 [0x0112CCE2+52450]
	Ordinal0 [0x0114BFD7+180183]
	Ordinal0 [0x0114BDDD+179677]
	Ordinal0 [0x01149D4B+171339]
	Ordinal0 [0x01131D4A+73034]
	Ordinal0 [0x01132DC0+77248]
	Ordinal0 [0x01132D59+77145]
	Ordinal0 [0x0123BB37+1162039]
	GetHandleVerifier [0x0135A7C6+508998]
	GetHandleVerifier [0x0135A504+508292]
	GetHandleVerifier [0x0136F617+594583]
	GetHandleVerifier [0x0135B036+511158]
	Ordinal0 [0x01233FFC+1130492]
	Ordinal0 [0x0123D49B+1168539]
	Ordinal0 [0x0123D603+1168899]
	Ordinal0 [0x01255B05+1268485]
	BaseThreadInitThunk [0x752A0419+25]
	RtlGetAppContainerNamedObjectPath [0x779C662D+237]
	RtlGetAppContainerNamedObjectPath [0x779C65FD+189]

	at org.openqa.selenium.remote.W3CHandshakeResponse.lambda$new$0(W3CHandshakeResponse.java:57)
	at org.openqa.selenium.remote.W3CHandshakeResponse.lambda$getResponseFunction$2(W3CHandshakeResponse.java:104)
	at org.openqa.selenium.remote.ProtocolHandshake.lambda$createSession$0(ProtocolHandshake.java:123)
	at java.base/java.util.stream.ReferencePipeline$3$1.accept(ReferencePipeline.java:195)
	at java.base/java.util.Spliterators$ArraySpliterator.tryAdvance(Spliterators.java:958)
	at java.base/java.util.stream.ReferencePipeline.forEachWithCancel(ReferencePipeline.java:127)
	at java.base/java.util.stream.AbstractPipeline.copyIntoWithCancel(AbstractPipeline.java:502)
	at java.base/java.util.stream.AbstractPipeline.copyInto(AbstractPipeline.java:488)
	at java.base/java.util.stream.AbstractPipeline.wrapAndCopyInto(AbstractPipeline.java:474)
	at java.base/java.util.stream.FindOps$FindOp.evaluateSequential(FindOps.java:150)
	at java.base/java.util.stream.AbstractPipeline.evaluate(AbstractPipeline.java:234)
	at java.base/java.util.stream.ReferencePipeline.findFirst(ReferencePipeline.java:543)
	at org.openqa.selenium.remote.ProtocolHandshake.createSession(ProtocolHandshake.java:126)
	at org.openqa.selenium.remote.ProtocolHandshake.createSession(ProtocolHandshake.java:73)
	at org.openqa.selenium.remote.HttpCommandExecutor.execute(HttpCommandExecutor.java:142)
	at org.openqa.selenium.remote.service.DriverCommandExecutor.execute(DriverCommandExecutor.java:83)
	at org.openqa.selenium.remote.RemoteWebDriver.execute(RemoteWebDriver.java:601)
	at org.openqa.selenium.remote.RemoteWebDriver.startSession(RemoteWebDriver.java:219)
	at org.openqa.selenium.remote.RemoteWebDriver.&lt;init&gt;(RemoteWebDriver.java:142)
	at org.openqa.selenium.chrome.ChromeDriver.&lt;init&gt;(ChromeDriver.java:181)
	at org.openqa.selenium.chrome.ChromeDriver.&lt;init&gt;(ChromeDriver.java:168)
	at org.openqa.selenium.chrome.ChromeDriver.&lt;init&gt;(ChromeDriver.java:123)
	at com.james.training.selenium_project.basetest.BrowserDriverFactory.createDriver(BrowserDriverFactory.java:25)
	at com.james.training.selenium_project.basetest.BaseTest.setUp(BaseTest.java:38)
	at java.base/java.util.concurrent.FutureTask.run(FutureTask.java:264)
	at java.base/java.util.concurrent.Executors$RunnableAdapter.call(Executors.java:515)
	at java.base/java.util.concurrent.FutureTask.run(FutureTask.java:264)
	at java.base/java.util.concurrent.ThreadPoolExecutor.runWorker(ThreadPoolExecutor.java:1128)
	at java.base/java.util.concurrent.ThreadPoolExecutor$Worker.run(ThreadPoolExecutor.java:628)
	at java.base/java.lang.Thread.run(Thread.java:834)
... Removed 16 stack frames
</div> <!-- stack-trace -->
                </div> <!-- method-content -->
              </div> <!-- method -->
              <div class="method">
                <div class="method-content">
                  <a name="positivelogInTest">
                  </a> <!-- positivelogInTest -->
                  <span class="method-name">positivelogInTest</span>
                  <div class="stack-trace">org.openqa.selenium.SessionNotCreatedException: session not created: This version of ChromeDriver only supports Chrome version 80
Build info: version: &apos;3.8.1&apos;, revision: &apos;6e95a6684b&apos;, time: &apos;2017-12-01T18:33:54.468Z&apos;
System info: host: &apos;DUBN34630627A&apos;, ip: &apos;10.181.67.79&apos;, os.name: &apos;Windows 10&apos;, os.arch: &apos;amd64&apos;, os.version: &apos;10.0&apos;, java.version: &apos;11.0.2&apos;
Driver info: driver.version: ChromeDriver
remote stacktrace: Backtrace:
	Ordinal0 [0x012C0AE3+1706723]
	Ordinal0 [0x012268C1+1075393]
	Ordinal0 [0x0119DFA9+516009]
	Ordinal0 [0x01130554+66900]
	Ordinal0 [0x0112CCE2+52450]
	Ordinal0 [0x0114BFD7+180183]
	Ordinal0 [0x0114BDDD+179677]
	Ordinal0 [0x01149D4B+171339]
	Ordinal0 [0x01131D4A+73034]
	Ordinal0 [0x01132DC0+77248]
	Ordinal0 [0x01132D59+77145]
	Ordinal0 [0x0123BB37+1162039]
	GetHandleVerifier [0x0135A7C6+508998]
	GetHandleVerifier [0x0135A504+508292]
	GetHandleVerifier [0x0136F617+594583]
	GetHandleVerifier [0x0135B036+511158]
	Ordinal0 [0x01233FFC+1130492]
	Ordinal0 [0x0123D49B+1168539]
	Ordinal0 [0x0123D603+1168899]
	Ordinal0 [0x01255B05+1268485]
	BaseThreadInitThunk [0x752A0419+25]
	RtlGetAppContainerNamedObjectPath [0x779C662D+237]
	RtlGetAppContainerNamedObjectPath [0x779C65FD+189]

	at org.openqa.selenium.remote.W3CHandshakeResponse.lambda$new$0(W3CHandshakeResponse.java:57)
	at org.openqa.selenium.remote.W3CHandshakeResponse.lambda$getResponseFunction$2(W3CHandshakeResponse.java:104)
	at org.openqa.selenium.remote.ProtocolHandshake.lambda$createSession$0(ProtocolHandshake.java:123)
	at java.base/java.util.stream.ReferencePipeline$3$1.accept(ReferencePipeline.java:195)
	at java.base/java.util.Spliterators$ArraySpliterator.tryAdvance(Spliterators.java:958)
	at java.base/java.util.stream.ReferencePipeline.forEachWithCancel(ReferencePipeline.java:127)
	at java.base/java.util.stream.AbstractPipeline.copyIntoWithCancel(AbstractPipeline.java:502)
	at java.base/java.util.stream.AbstractPipeline.copyInto(AbstractPipeline.java:488)
	at java.base/java.util.stream.AbstractPipeline.wrapAndCopyInto(AbstractPipeline.java:474)
	at java.base/java.util.stream.FindOps$FindOp.evaluateSequential(FindOps.java:150)
	at java.base/java.util.stream.AbstractPipeline.evaluate(AbstractPipeline.java:234)
	at java.base/java.util.stream.ReferencePipeline.findFirst(ReferencePipeline.java:543)
	at org.openqa.selenium.remote.ProtocolHandshake.createSession(ProtocolHandshake.java:126)
	at org.openqa.selenium.remote.ProtocolHandshake.createSession(ProtocolHandshake.java:73)
	at org.openqa.selenium.remote.HttpCommandExecutor.execute(HttpCommandExecutor.java:142)
	at org.openqa.selenium.remote.service.DriverCommandExecutor.execute(DriverCommandExecutor.java:83)
	at org.openqa.selenium.remote.RemoteWebDriver.execute(RemoteWebDriver.java:601)
	at org.openqa.selenium.remote.RemoteWebDriver.startSession(RemoteWebDriver.java:219)
	at org.openqa.selenium.remote.RemoteWebDriver.&lt;init&gt;(RemoteWebDriver.java:142)
	at org.openqa.selenium.chrome.ChromeDriver.&lt;init&gt;(ChromeDriver.java:181)
	at org.openqa.selenium.chrome.ChromeDriver.&lt;init&gt;(ChromeDriver.java:168)
	at org.openqa.selenium.chrome.ChromeDriver.&lt;init&gt;(ChromeDriver.java:123)
	at com.james.training.selenium_project.basetest.BrowserDriverFactory.createDriver(BrowserDriverFactory.java:25)
	at com.james.training.selenium_project.basetest.BaseTest.setUp(BaseTest.java:38)
	at java.base/java.util.concurrent.FutureTask.run(FutureTask.java:264)
	at java.base/java.util.concurrent.Executors$RunnableAdapter.call(Executors.java:515)
	at java.base/java.util.concurrent.FutureTask.run(FutureTask.java:264)
	at java.base/java.util.concurrent.ThreadPoolExecutor.runWorker(ThreadPoolExecutor.java:1128)
	at java.base/java.util.concurrent.ThreadPoolExecutor$Worker.run(ThreadPoolExecutor.java:628)
	at java.base/java.lang.Thread.run(Thread.java:834)
... Removed 16 stack frames
</div> <!-- stack-trace -->
                </div> <!-- method-content -->
              </div> <!-- method -->
              <div class="method">
                <div class="method-content">
                  <a name="positivelogInTest">
                  </a> <!-- positivelogInTest -->
                  <span class="method-name">positivelogInTest</span>
                  <div class="stack-trace">org.openqa.selenium.SessionNotCreatedException: session not created: This version of ChromeDriver only supports Chrome version 80
Build info: version: &apos;3.8.1&apos;, revision: &apos;6e95a6684b&apos;, time: &apos;2017-12-01T18:33:54.468Z&apos;
System info: host: &apos;DUBN34630627A&apos;, ip: &apos;10.181.67.79&apos;, os.name: &apos;Windows 10&apos;, os.arch: &apos;amd64&apos;, os.version: &apos;10.0&apos;, java.version: &apos;11.0.2&apos;
Driver info: driver.version: ChromeDriver
remote stacktrace: Backtrace:
	Ordinal0 [0x012C0AE3+1706723]
	Ordinal0 [0x012268C1+1075393]
	Ordinal0 [0x0119DFA9+516009]
	Ordinal0 [0x01130554+66900]
	Ordinal0 [0x0112CCE2+52450]
	Ordinal0 [0x0114BFD7+180183]
	Ordinal0 [0x0114BDDD+179677]
	Ordinal0 [0x01149D4B+171339]
	Ordinal0 [0x01131D4A+73034]
	Ordinal0 [0x01132DC0+77248]
	Ordinal0 [0x01132D59+77145]
	Ordinal0 [0x0123BB37+1162039]
	GetHandleVerifier [0x0135A7C6+508998]
	GetHandleVerifier [0x0135A504+508292]
	GetHandleVerifier [0x0136F617+594583]
	GetHandleVerifier [0x0135B036+511158]
	Ordinal0 [0x01233FFC+1130492]
	Ordinal0 [0x0123D49B+1168539]
	Ordinal0 [0x0123D603+1168899]
	Ordinal0 [0x01255B05+1268485]
	BaseThreadInitThunk [0x752A0419+25]
	RtlGetAppContainerNamedObjectPath [0x779C662D+237]
	RtlGetAppContainerNamedObjectPath [0x779C65FD+189]

	at org.openqa.selenium.remote.W3CHandshakeResponse.lambda$new$0(W3CHandshakeResponse.java:57)
	at org.openqa.selenium.remote.W3CHandshakeResponse.lambda$getResponseFunction$2(W3CHandshakeResponse.java:104)
	at org.openqa.selenium.remote.ProtocolHandshake.lambda$createSession$0(ProtocolHandshake.java:123)
	at java.base/java.util.stream.ReferencePipeline$3$1.accept(ReferencePipeline.java:195)
	at java.base/java.util.Spliterators$ArraySpliterator.tryAdvance(Spliterators.java:958)
	at java.base/java.util.stream.ReferencePipeline.forEachWithCancel(ReferencePipeline.java:127)
	at java.base/java.util.stream.AbstractPipeline.copyIntoWithCancel(AbstractPipeline.java:502)
	at java.base/java.util.stream.AbstractPipeline.copyInto(AbstractPipeline.java:488)
	at java.base/java.util.stream.AbstractPipeline.wrapAndCopyInto(AbstractPipeline.java:474)
	at java.base/java.util.stream.FindOps$FindOp.evaluateSequential(FindOps.java:150)
	at java.base/java.util.stream.AbstractPipeline.evaluate(AbstractPipeline.java:234)
	at java.base/java.util.stream.ReferencePipeline.findFirst(ReferencePipeline.java:543)
	at org.openqa.selenium.remote.ProtocolHandshake.createSession(ProtocolHandshake.java:126)
	at org.openqa.selenium.remote.ProtocolHandshake.createSession(ProtocolHandshake.java:73)
	at org.openqa.selenium.remote.HttpCommandExecutor.execute(HttpCommandExecutor.java:142)
	at org.openqa.selenium.remote.service.DriverCommandExecutor.execute(DriverCommandExecutor.java:83)
	at org.openqa.selenium.remote.RemoteWebDriver.execute(RemoteWebDriver.java:601)
	at org.openqa.selenium.remote.RemoteWebDriver.startSession(RemoteWebDriver.java:219)
	at org.openqa.selenium.remote.RemoteWebDriver.&lt;init&gt;(RemoteWebDriver.java:142)
	at org.openqa.selenium.chrome.ChromeDriver.&lt;init&gt;(ChromeDriver.java:181)
	at org.openqa.selenium.chrome.ChromeDriver.&lt;init&gt;(ChromeDriver.java:168)
	at org.openqa.selenium.chrome.ChromeDriver.&lt;init&gt;(ChromeDriver.java:123)
	at com.james.training.selenium_project.basetest.BrowserDriverFactory.createDriver(BrowserDriverFactory.java:25)
	at com.james.training.selenium_project.basetest.BaseTest.setUp(BaseTest.java:38)
	at java.base/java.util.concurrent.FutureTask.run(FutureTask.java:264)
	at java.base/java.util.concurrent.Executors$RunnableAdapter.call(Executors.java:515)
	at java.base/java.util.concurrent.FutureTask.run(FutureTask.java:264)
	at java.base/java.util.concurrent.ThreadPoolExecutor.runWorker(ThreadPoolExecutor.java:1128)
	at java.base/java.util.concurrent.ThreadPoolExecutor$Worker.run(ThreadPoolExecutor.java:628)
	at java.base/java.lang.Thread.run(Thread.java:834)
... Removed 16 stack frames
</div> <!-- stack-trace -->
                </div> <!-- method-content -->
              </div> <!-- method -->
              <div class="method">
                <div class="method-content">
                  <a name="positivelogInTest">
                  </a> <!-- positivelogInTest -->
                  <span class="method-name">positivelogInTest</span>
                  <div class="stack-trace">org.openqa.selenium.SessionNotCreatedException: session not created: This version of ChromeDriver only supports Chrome version 80
Build info: version: &apos;3.8.1&apos;, revision: &apos;6e95a6684b&apos;, time: &apos;2017-12-01T18:33:54.468Z&apos;
System info: host: &apos;DUBN34630627A&apos;, ip: &apos;10.181.67.79&apos;, os.name: &apos;Windows 10&apos;, os.arch: &apos;amd64&apos;, os.version: &apos;10.0&apos;, java.version: &apos;11.0.2&apos;
Driver info: driver.version: ChromeDriver
remote stacktrace: Backtrace:
	Ordinal0 [0x012C0AE3+1706723]
	Ordinal0 [0x012268C1+1075393]
	Ordinal0 [0x0119DFA9+516009]
	Ordinal0 [0x01130554+66900]
	Ordinal0 [0x0112CCE2+52450]
	Ordinal0 [0x0114BFD7+180183]
	Ordinal0 [0x0114BDDD+179677]
	Ordinal0 [0x01149D4B+171339]
	Ordinal0 [0x01131D4A+73034]
	Ordinal0 [0x01132DC0+77248]
	Ordinal0 [0x01132D59+77145]
	Ordinal0 [0x0123BB37+1162039]
	GetHandleVerifier [0x0135A7C6+508998]
	GetHandleVerifier [0x0135A504+508292]
	GetHandleVerifier [0x0136F617+594583]
	GetHandleVerifier [0x0135B036+511158]
	Ordinal0 [0x01233FFC+1130492]
	Ordinal0 [0x0123D49B+1168539]
	Ordinal0 [0x0123D603+1168899]
	Ordinal0 [0x01255B05+1268485]
	BaseThreadInitThunk [0x752A0419+25]
	RtlGetAppContainerNamedObjectPath [0x779C662D+237]
	RtlGetAppContainerNamedObjectPath [0x779C65FD+189]

	at org.openqa.selenium.remote.W3CHandshakeResponse.lambda$new$0(W3CHandshakeResponse.java:57)
	at org.openqa.selenium.remote.W3CHandshakeResponse.lambda$getResponseFunction$2(W3CHandshakeResponse.java:104)
	at org.openqa.selenium.remote.ProtocolHandshake.lambda$createSession$0(ProtocolHandshake.java:123)
	at java.base/java.util.stream.ReferencePipeline$3$1.accept(ReferencePipeline.java:195)
	at java.base/java.util.Spliterators$ArraySpliterator.tryAdvance(Spliterators.java:958)
	at java.base/java.util.stream.ReferencePipeline.forEachWithCancel(ReferencePipeline.java:127)
	at java.base/java.util.stream.AbstractPipeline.copyIntoWithCancel(AbstractPipeline.java:502)
	at java.base/java.util.stream.AbstractPipeline.copyInto(AbstractPipeline.java:488)
	at java.base/java.util.stream.AbstractPipeline.wrapAndCopyInto(AbstractPipeline.java:474)
	at java.base/java.util.stream.FindOps$FindOp.evaluateSequential(FindOps.java:150)
	at java.base/java.util.stream.AbstractPipeline.evaluate(AbstractPipeline.java:234)
	at java.base/java.util.stream.ReferencePipeline.findFirst(ReferencePipeline.java:543)
	at org.openqa.selenium.remote.ProtocolHandshake.createSession(ProtocolHandshake.java:126)
	at org.openqa.selenium.remote.ProtocolHandshake.createSession(ProtocolHandshake.java:73)
	at org.openqa.selenium.remote.HttpCommandExecutor.execute(HttpCommandExecutor.java:142)
	at org.openqa.selenium.remote.service.DriverCommandExecutor.execute(DriverCommandExecutor.java:83)
	at org.openqa.selenium.remote.RemoteWebDriver.execute(RemoteWebDriver.java:601)
	at org.openqa.selenium.remote.RemoteWebDriver.startSession(RemoteWebDriver.java:219)
	at org.openqa.selenium.remote.RemoteWebDriver.&lt;init&gt;(RemoteWebDriver.java:142)
	at org.openqa.selenium.chrome.ChromeDriver.&lt;init&gt;(ChromeDriver.java:181)
	at org.openqa.selenium.chrome.ChromeDriver.&lt;init&gt;(ChromeDriver.java:168)
	at org.openqa.selenium.chrome.ChromeDriver.&lt;init&gt;(ChromeDriver.java:123)
	at com.james.training.selenium_project.basetest.BrowserDriverFactory.createDriver(BrowserDriverFactory.java:25)
	at com.james.training.selenium_project.basetest.BaseTest.setUp(BaseTest.java:38)
	at java.base/java.util.concurrent.FutureTask.run(FutureTask.java:264)
	at java.base/java.util.concurrent.Executors$RunnableAdapter.call(Executors.java:515)
	at java.base/java.util.concurrent.FutureTask.run(FutureTask.java:264)
	at java.base/java.util.concurrent.ThreadPoolExecutor.runWorker(ThreadPoolExecutor.java:1128)
	at java.base/java.util.concurrent.ThreadPoolExecutor$Worker.run(ThreadPoolExecutor.java:628)
	at java.base/java.lang.Thread.run(Thread.java:834)
... Removed 16 stack frames
</div> <!-- stack-trace -->
                </div> <!-- method-content -->
              </div> <!-- method -->
              <div class="method">
                <div class="method-content">
                  <a name="positivelogInTest">
                  </a> <!-- positivelogInTest -->
                  <span class="method-name">positivelogInTest</span>
                  <div class="stack-trace">org.openqa.selenium.SessionNotCreatedException: session not created: This version of ChromeDriver only supports Chrome version 80
Build info: version: &apos;3.8.1&apos;, revision: &apos;6e95a6684b&apos;, time: &apos;2017-12-01T18:33:54.468Z&apos;
System info: host: &apos;DUBN34630627A&apos;, ip: &apos;10.181.67.79&apos;, os.name: &apos;Windows 10&apos;, os.arch: &apos;amd64&apos;, os.version: &apos;10.0&apos;, java.version: &apos;11.0.2&apos;
Driver info: driver.version: ChromeDriver
remote stacktrace: Backtrace:
	Ordinal0 [0x012C0AE3+1706723]
	Ordinal0 [0x012268C1+1075393]
	Ordinal0 [0x0119DFA9+516009]
	Ordinal0 [0x01130554+66900]
	Ordinal0 [0x0112CCE2+52450]
	Ordinal0 [0x0114BFD7+180183]
	Ordinal0 [0x0114BDDD+179677]
	Ordinal0 [0x01149D4B+171339]
	Ordinal0 [0x01131D4A+73034]
	Ordinal0 [0x01132DC0+77248]
	Ordinal0 [0x01132D59+77145]
	Ordinal0 [0x0123BB37+1162039]
	GetHandleVerifier [0x0135A7C6+508998]
	GetHandleVerifier [0x0135A504+508292]
	GetHandleVerifier [0x0136F617+594583]
	GetHandleVerifier [0x0135B036+511158]
	Ordinal0 [0x01233FFC+1130492]
	Ordinal0 [0x0123D49B+1168539]
	Ordinal0 [0x0123D603+1168899]
	Ordinal0 [0x01255B05+1268485]
	BaseThreadInitThunk [0x752A0419+25]
	RtlGetAppContainerNamedObjectPath [0x779C662D+237]
	RtlGetAppContainerNamedObjectPath [0x779C65FD+189]

	at org.openqa.selenium.remote.W3CHandshakeResponse.lambda$new$0(W3CHandshakeResponse.java:57)
	at org.openqa.selenium.remote.W3CHandshakeResponse.lambda$getResponseFunction$2(W3CHandshakeResponse.java:104)
	at org.openqa.selenium.remote.ProtocolHandshake.lambda$createSession$0(ProtocolHandshake.java:123)
	at java.base/java.util.stream.ReferencePipeline$3$1.accept(ReferencePipeline.java:195)
	at java.base/java.util.Spliterators$ArraySpliterator.tryAdvance(Spliterators.java:958)
	at java.base/java.util.stream.ReferencePipeline.forEachWithCancel(ReferencePipeline.java:127)
	at java.base/java.util.stream.AbstractPipeline.copyIntoWithCancel(AbstractPipeline.java:502)
	at java.base/java.util.stream.AbstractPipeline.copyInto(AbstractPipeline.java:488)
	at java.base/java.util.stream.AbstractPipeline.wrapAndCopyInto(AbstractPipeline.java:474)
	at java.base/java.util.stream.FindOps$FindOp.evaluateSequential(FindOps.java:150)
	at java.base/java.util.stream.AbstractPipeline.evaluate(AbstractPipeline.java:234)
	at java.base/java.util.stream.ReferencePipeline.findFirst(ReferencePipeline.java:543)
	at org.openqa.selenium.remote.ProtocolHandshake.createSession(ProtocolHandshake.java:126)
	at org.openqa.selenium.remote.ProtocolHandshake.createSession(ProtocolHandshake.java:73)
	at org.openqa.selenium.remote.HttpCommandExecutor.execute(HttpCommandExecutor.java:142)
	at org.openqa.selenium.remote.service.DriverCommandExecutor.execute(DriverCommandExecutor.java:83)
	at org.openqa.selenium.remote.RemoteWebDriver.execute(RemoteWebDriver.java:601)
	at org.openqa.selenium.remote.RemoteWebDriver.startSession(RemoteWebDriver.java:219)
	at org.openqa.selenium.remote.RemoteWebDriver.&lt;init&gt;(RemoteWebDriver.java:142)
	at org.openqa.selenium.chrome.ChromeDriver.&lt;init&gt;(ChromeDriver.java:181)
	at org.openqa.selenium.chrome.ChromeDriver.&lt;init&gt;(ChromeDriver.java:168)
	at org.openqa.selenium.chrome.ChromeDriver.&lt;init&gt;(ChromeDriver.java:123)
	at com.james.training.selenium_project.basetest.BrowserDriverFactory.createDriver(BrowserDriverFactory.java:25)
	at com.james.training.selenium_project.basetest.BaseTest.setUp(BaseTest.java:38)
	at java.base/java.util.concurrent.FutureTask.run(FutureTask.java:264)
	at java.base/java.util.concurrent.Executors$RunnableAdapter.call(Executors.java:515)
	at java.base/java.util.concurrent.FutureTask.run(FutureTask.java:264)
	at java.base/java.util.concurrent.ThreadPoolExecutor.runWorker(ThreadPoolExecutor.java:1128)
	at java.base/java.util.concurrent.ThreadPoolExecutor$Worker.run(ThreadPoolExecutor.java:628)
	at java.base/java.lang.Thread.run(Thread.java:834)
... Removed 16 stack frames
</div> <!-- stack-trace -->
                </div> <!-- method-content -->
              </div> <!-- method -->
            </div> <!-- main-panel-content rounded-window-bottom -->
          </div> <!-- suite-PositiveLogInTestSuite-class-skipped -->
        </div> <!-- panel PositiveLogInTestSuite -->
        <div panel-name="test-xml-PositiveLogInTestSuite" class="panel">
          <div class="main-panel-header rounded-window-top">
            <span class="header-content">C:\Users\i350380\Documents\GitHub\Java-Selenium-Automation-Framework\selenium-project\src\test\resources\SeparateTestSuites\PositiveLogInTestSuite.xml</span>
          </div> <!-- main-panel-header rounded-window-top -->
          <div class="main-panel-content rounded-window-bottom">
            <pre>
&lt;?xml version=&quot;1.0&quot; encoding=&quot;UTF-8&quot;?&gt;
&lt;!DOCTYPE suite SYSTEM &quot;http://testng.org/testng-1.0.dtd&quot;&gt;
&lt;suite thread-count=&quot;-1&quot; data-provider-thread-count=&quot;20&quot; name=&quot;PositiveLogInTestSuite&quot; guice-stage=&quot;DEVELOPMENT&quot;&gt;
  &lt;listeners&gt;
    &lt;listener class-name=&quot;com.james.training.selenium_project.basetest.TestListener&quot;/&gt;
  &lt;/listeners&gt;
  &lt;test name=&quot;positivelogInTest&quot;&gt;
    &lt;classes&gt;
      &lt;class name=&quot;com.james.training.selenium_project.uielementspagetests.PositiveLoginTest&quot;/&gt;
    &lt;/classes&gt;
  &lt;/test&gt; &lt;!-- positivelogInTest --&gt;
&lt;/suite&gt; &lt;!-- PositiveLogInTestSuite --&gt;
            </pre>
          </div> <!-- main-panel-content rounded-window-bottom -->
        </div> <!-- panel -->
        <div panel-name="testlist-PositiveLogInTestSuite" class="panel">
          <div class="main-panel-header rounded-window-top">
            <span class="header-content">Tests for PositiveLogInTestSuite</span>
          </div> <!-- main-panel-header rounded-window-top -->
          <div class="main-panel-content rounded-window-bottom">
            <ul>
              <li>
                <span class="test-name">positivelogInTest (1 class)</span>
              </li>
            </ul>
          </div> <!-- main-panel-content rounded-window-bottom -->
        </div> <!-- panel -->
        <div panel-name="group-PositiveLogInTestSuite" class="panel">
          <div class="main-panel-header rounded-window-top">
            <span class="header-content">Groups for PositiveLogInTestSuite</span>
          </div> <!-- main-panel-header rounded-window-top -->
          <div class="main-panel-content rounded-window-bottom">
          </div> <!-- main-panel-content rounded-window-bottom -->
        </div> <!-- panel -->
        <div panel-name="times-PositiveLogInTestSuite" class="panel">
          <div class="main-panel-header rounded-window-top">
            <span class="header-content">Times for PositiveLogInTestSuite</span>
          </div> <!-- main-panel-header rounded-window-top -->
          <div class="main-panel-content rounded-window-bottom">
            <div class="times-div">
              <script type="text/javascript">
suiteTableInitFunctions.push('tableData_PositiveLogInTestSuite');
function tableData_PositiveLogInTestSuite() {
var data = new google.visualization.DataTable();
data.addColumn('number', 'Number');
data.addColumn('string', 'Method');
data.addColumn('string', 'Class');
data.addColumn('number', 'Time (ms)');
data.addRows(5);
data.setCell(0, 0, 0)
data.setCell(0, 1, 'positivelogInTest')
data.setCell(0, 2, 'com.james.training.selenium_project.uielementspagetests.PositiveLoginTest')
data.setCell(0, 3, 0);
data.setCell(1, 0, 1)
data.setCell(1, 1, 'positivelogInTest')
data.setCell(1, 2, 'com.james.training.selenium_project.uielementspagetests.PositiveLoginTest')
data.setCell(1, 3, 0);
data.setCell(2, 0, 2)
data.setCell(2, 1, 'positivelogInTest')
data.setCell(2, 2, 'com.james.training.selenium_project.uielementspagetests.PositiveLoginTest')
data.setCell(2, 3, 0);
data.setCell(3, 0, 3)
data.setCell(3, 1, 'positivelogInTest')
data.setCell(3, 2, 'com.james.training.selenium_project.uielementspagetests.PositiveLoginTest')
data.setCell(3, 3, 0);
data.setCell(4, 0, 4)
data.setCell(4, 1, 'positivelogInTest')
data.setCell(4, 2, 'com.james.training.selenium_project.uielementspagetests.PositiveLoginTest')
data.setCell(4, 3, 0);
window.suiteTableData['PositiveLogInTestSuite']= { tableData: data, tableDiv: 'times-div-PositiveLogInTestSuite'}
return data;
}
              </script>
              <span class="suite-total-time">Total running time: 0 ms</span>
              <div id="times-div-PositiveLogInTestSuite">
              </div> <!-- times-div-PositiveLogInTestSuite -->
            </div> <!-- times-div -->
          </div> <!-- main-panel-content rounded-window-bottom -->
        </div> <!-- panel -->
        <div panel-name="reporter-PositiveLogInTestSuite" class="panel">
          <div class="main-panel-header rounded-window-top">
            <span class="header-content">Reporter output for PositiveLogInTestSuite</span>
          </div> <!-- main-panel-header rounded-window-top -->
          <div class="main-panel-content rounded-window-bottom">
          </div> <!-- main-panel-content rounded-window-bottom -->
        </div> <!-- panel -->
        <div panel-name="ignored-methods-PositiveLogInTestSuite" class="panel">
          <div class="main-panel-header rounded-window-top">
            <span class="header-content">0 ignored methods</span>
          </div> <!-- main-panel-header rounded-window-top -->
          <div class="main-panel-content rounded-window-bottom">
          </div> <!-- main-panel-content rounded-window-bottom -->
        </div> <!-- panel -->
        <div panel-name="chronological-PositiveLogInTestSuite" class="panel">
          <div class="main-panel-header rounded-window-top">
            <span class="header-content">Methods in chronological order</span>
          </div> <!-- main-panel-header rounded-window-top -->
          <div class="main-panel-content rounded-window-bottom">
            <div class="chronological-class">
              <div class="chronological-class-name">com.james.training.selenium_project.uielementspagetests.PositiveLoginTest</div> <!-- chronological-class-name -->
              <div class="test-method">
                <span class="method-name">positivelogInTest</span>
                <span class="method-start">0 ms</span>
              </div> <!-- test-method -->
              <div class="test-method">
                <span class="method-name">positivelogInTest</span>
                <span class="method-start">0 ms</span>
              </div> <!-- test-method -->
              <div class="test-method">
                <span class="method-name">positivelogInTest</span>
                <span class="method-start">0 ms</span>
              </div> <!-- test-method -->
              <div class="test-method">
                <span class="method-name">positivelogInTest</span>
                <span class="method-start">0 ms</span>
              </div> <!-- test-method -->
              <div class="test-method">
                <span class="method-name">positivelogInTest</span>
                <span class="method-start">0 ms</span>
              </div> <!-- test-method -->
              <div class="configuration-method before">
                <img src="failed.png">
                </img>
                <span class="method-name">setUp(public void com.james.training.selenium_project.uielementspagetests.PositiveLoginTest.positivelogInT...)</span>
                <span class="method-start">0 ms</span>
              </div> <!-- configuration-method before -->
              <div class="configuration-method before">
                <img src="failed.png">
                </img>
                <span class="method-name">setUp(public void com.james.training.selenium_project.uielementspagetests.PositiveLoginTest.positivelogInT...)</span>
                <span class="method-start">0 ms</span>
              </div> <!-- configuration-method before -->
              <div class="configuration-method before">
                <img src="failed.png">
                </img>
                <span class="method-name">setUp(public void com.james.training.selenium_project.uielementspagetests.PositiveLoginTest.positivelogInT...)</span>
                <span class="method-start">0 ms</span>
              </div> <!-- configuration-method before -->
              <div class="configuration-method before">
                <img src="failed.png">
                </img>
                <span class="method-name">setUp(public void com.james.training.selenium_project.uielementspagetests.PositiveLoginTest.positivelogInT...)</span>
                <span class="method-start">0 ms</span>
              </div> <!-- configuration-method before -->
              <div class="configuration-method before">
                <img src="failed.png">
                </img>
                <span class="method-name">setUp(public void com.james.training.selenium_project.uielementspagetests.PositiveLoginTest.positivelogInT...)</span>
                <span class="method-start">0 ms</span>
              </div> <!-- configuration-method before -->
              <div class="configuration-method after">
                <img src="failed.png">
                </img>
                <span class="method-name">tearDown</span>
                <span class="method-start">4907 ms</span>
              </div> <!-- configuration-method after -->
              <div class="configuration-method after">
                <img src="failed.png">
                </img>
                <span class="method-name">tearDown</span>
                <span class="method-start">4908 ms</span>
              </div> <!-- configuration-method after -->
              <div class="configuration-method after">
                <img src="failed.png">
                </img>
                <span class="method-name">tearDown</span>
                <span class="method-start">4909 ms</span>
              </div> <!-- configuration-method after -->
              <div class="configuration-method after">
                <img src="failed.png">
                </img>
                <span class="method-name">tearDown</span>
                <span class="method-start">4916 ms</span>
              </div> <!-- configuration-method after -->
              <div class="configuration-method after">
                <img src="failed.png">
                </img>
                <span class="method-name">tearDown</span>
                <span class="method-start">5394 ms</span>
              </div> <!-- configuration-method after -->
          </div> <!-- main-panel-content rounded-window-bottom -->
        </div> <!-- panel -->
      </div> <!-- main-panel-root -->
    </div> <!-- wrapper -->
  </body>
</html>
