<?xml version="1.0" encoding="UTF-8"?>
<!-- Generated by org.testng.reporters.JUnitXMLReporter -->
<testsuite ignored="0" hostname="DUBN34630627A" failures="2" tests="2" name="negativelogInTest" time="0.011" errors="0" timestamp="07 Dec 2019 16:53:11 GMT">
  <testcase classname="com.james.training.selenium_project.loginpagetests.NegativeLoginTests" name="negativeUsernameTest" time="0.0">
    <failure type="org.testng.TestNGException" message="
Parameter &amp;apos;username&amp;apos; is required by @Test on method negativeUsernameTest but has not been marked @Optional or defined
in C:\Users\i350380\Documents\GitHub\Java-Selenium-Automation-Framework\selenium-project\src\test\java\resources\TestSuites\separatedTestSuites\LogInTestSuite.xml">
      <![CDATA[org.testng.TestNGException: Parameter 'username' is required by @Test on method negativeUsernameTest but has not been marked @Optional or definedin C:\Users\i350380\Documents\GitHub\Java-Selenium-Automation-Framework\selenium-project\src\test\java\resources\TestSuites\separatedTestSuites\LogInTestSuite.xml... Removed 24 stack frames]]>
    </failure>
  </testcase> <!-- negativeUsernameTest -->
  <testcase classname="com.james.training.selenium_project.loginpagetests.NegativeLoginTests" name="negativeUsernameTest_FF" time="0.0">
    <failure type="org.testng.TestNGException" message="
Parameter &amp;apos;username&amp;apos; is required by @Test on method negativeUsernameTest_FF but has not been marked @Optional or defined
in C:\Users\i350380\Documents\GitHub\Java-Selenium-Automation-Framework\selenium-project\src\test\java\resources\TestSuites\separatedTestSuites\LogInTestSuite.xml">
      <![CDATA[org.testng.TestNGException: Parameter 'username' is required by @Test on method negativeUsernameTest_FF but has not been marked @Optional or definedin C:\Users\i350380\Documents\GitHub\Java-Selenium-Automation-Framework\selenium-project\src\test\java\resources\TestSuites\separatedTestSuites\LogInTestSuite.xml... Removed 24 stack frames]]>
    </failure>
  </testcase> <!-- negativeUsernameTest_FF -->
</testsuite> <!-- negativelogInTest -->
